<?xml version="1.0" encoding="utf-8"?><testsuites name="pytest tests"><testsuite name="pytest" errors="0" failures="3" skipped="18" tests="1683" time="319.598" timestamp="2026-01-09T01:21:45.808360-06:00" hostname="DESKTOP-5IB5S6R"><testcase classname="tests.altdata.test_market_mood_analyzer.TestMoodState" name="test_mood_state_values" time="0.002" /><testcase classname="tests.altdata.test_market_mood_analyzer.TestMarketMood" name="test_market_mood_to_dict" time="0.001" /><testcase classname="tests.altdata.test_market_mood_analyzer.TestMarketMood" name="test_market_mood_default_timestamp" time="0.000" /><testcase classname="tests.altdata.test_market_mood_analyzer.TestMarketMoodAnalyzer" name="test_initialization_defaults" time="0.000" /><testcase classname="tests.altdata.test_market_mood_analyzer.TestMarketMoodAnalyzer" name="test_initialization_custom_weights" time="0.000" /><testcase classname="tests.altdata.test_market_mood_analyzer.TestMarketMoodAnalyzer" name="test_weights_normalized" time="0.000" /><testcase classname="tests.altdata.test_market_mood_analyzer.TestVixToMoodScore" name="test_extreme_fear_high_vix" time="0.000" /><testcase classname="tests.altdata.test_market_mood_analyzer.TestVixToMoodScore" name="test_fear_zone_vix" time="0.000" /><testcase classname="tests.altdata.test_market_mood_analyzer.TestVixToMoodScore" name="test_neutral_zone_vix" time="0.000" /><testcase classname="tests.altdata.test_market_mood_analyzer.TestVixToMoodScore" name="test_greed_zone_vix" time="0.000" /><testcase classname="tests.altdata.test_market_mood_analyzer.TestVixToMoodScore" name="test_extreme_greed_low_vix" time="0.000" /><testcase classname="tests.altdata.test_market_mood_analyzer.TestDetermineMoodState" name="test_extreme_fear_state" time="0.000" /><testcase classname="tests.altdata.test_market_mood_analyzer.TestDetermineMoodState" name="test_fear_state" time="0.000" /><testcase classname="tests.altdata.test_market_mood_analyzer.TestDetermineMoodState" name="test_neutral_state" time="0.000" /><testcase classname="tests.altdata.test_market_mood_analyzer.TestDetermineMoodState" name="test_greed_state" time="0.000" /><testcase classname="tests.altdata.test_market_mood_analyzer.TestDetermineMoodState" name="test_extreme_greed_state" time="0.000" /><testcase classname="tests.altdata.test_market_mood_analyzer.TestGetMarketMood" name="test_returns_dict_format" time="0.000" /><testcase classname="tests.altdata.test_market_mood_analyzer.TestGetMarketMood" name="test_high_vix_extreme_fear" time="0.000" /><testcase classname="tests.altdata.test_market_mood_analyzer.TestGetMarketMood" name="test_low_vix_greed" time="0.000" /><testcase classname="tests.altdata.test_market_mood_analyzer.TestGetMarketMood" name="test_neutral_conditions" time="0.000" /><testcase classname="tests.altdata.test_market_mood_analyzer.TestGetMarketMood" name="test_vix_override" time="0.000" /><testcase classname="tests.altdata.test_market_mood_analyzer.TestGetMarketMood" name="test_sentiment_override" time="0.000" /><testcase classname="tests.altdata.test_market_mood_analyzer.TestGetMarketMood" name="test_combined_vix_and_sentiment" time="0.000" /><testcase classname="tests.altdata.test_market_mood_analyzer.TestGetMarketMood" name="test_missing_data_uses_defaults" time="0.000" /><testcase classname="tests.altdata.test_market_mood_analyzer.TestExtremeMoodDetection" name="test_extreme_fear_is_extreme" time="0.000" /><testcase classname="tests.altdata.test_market_mood_analyzer.TestExtremeMoodDetection" name="test_extreme_greed_is_extreme" time="0.000" /><testcase classname="tests.altdata.test_market_mood_analyzer.TestExtremeMoodDetection" name="test_moderate_conditions_not_extreme" time="0.000" /><testcase classname="tests.altdata.test_market_mood_analyzer.TestExtremeMoodDetection" name="test_lower_threshold_triggers_extreme" time="0.000" /><testcase classname="tests.altdata.test_market_mood_analyzer.TestMoodDescription" name="test_extreme_fear_description" time="0.000" /><testcase classname="tests.altdata.test_market_mood_analyzer.TestMoodDescription" name="test_neutral_description" time="0.000" /><testcase classname="tests.altdata.test_market_mood_analyzer.TestIntrospection" name="test_introspect_returns_string" time="0.000" /><testcase classname="tests.altdata.test_market_mood_analyzer.TestSingleton" name="test_get_market_mood_analyzer_returns_same_instance" time="0.001" /><testcase classname="tests.altdata.test_market_mood_analyzer.TestEdgeCases" name="test_zero_vix" time="0.000" /><testcase classname="tests.altdata.test_market_mood_analyzer.TestEdgeCases" name="test_negative_vix" time="0.000" /><testcase classname="tests.altdata.test_market_mood_analyzer.TestEdgeCases" name="test_sentiment_out_of_range" time="0.000" /><testcase classname="tests.altdata.test_news_processor" name="test_news_processor_init" time="0.001" /><testcase classname="tests.altdata.test_news_processor" name="test_get_sentiment_scores" time="0.001" /><testcase classname="tests.altdata.test_news_processor" name="test_fetch_news_basic" time="0.001" /><testcase classname="tests.altdata.test_news_processor" name="test_fetch_news_by_symbol" time="0.001" /><testcase classname="tests.altdata.test_news_processor" name="test_fetch_news_by_query" time="0.001" /><testcase classname="tests.altdata.test_news_processor" name="test_fetch_news_by_date_range" time="0.001" /><testcase classname="tests.altdata.test_news_processor" name="test_get_aggregated_sentiment_overall" time="0.001" /><testcase classname="tests.altdata.test_news_processor" name="test_get_aggregated_sentiment_no_news" time="0.001" /><testcase classname="tests.altdata.test_news_processor" name="test_get_news_processor_singleton" time="0.007" /><testcase classname="tests.altdata.test_sentiment_fingpt.TestFinGPTSentimentBasic" name="test_positive_sentiment" time="1.445" /><testcase classname="tests.altdata.test_sentiment_fingpt.TestFinGPTSentimentBasic" name="test_negative_sentiment" time="0.121" /><testcase classname="tests.altdata.test_sentiment_fingpt.TestFinGPTSentimentBasic" name="test_neutral_sentiment" time="0.119" /><testcase classname="tests.altdata.test_sentiment_fingpt.TestFinGPTSentimentBasic" name="test_score_range" time="0.110" /><testcase classname="tests.altdata.test_sentiment_fingpt.TestFinGPTSentimentEdgeCases" name="test_empty_text" time="0.000" /><testcase classname="tests.altdata.test_sentiment_fingpt.TestFinGPTSentimentEdgeCases" name="test_none_text" time="0.000" /><testcase classname="tests.altdata.test_sentiment_fingpt.TestFinGPTSentimentEdgeCases" name="test_very_short_text" time="0.001" /><testcase classname="tests.altdata.test_sentiment_fingpt.TestFinGPTSentimentEdgeCases" name="test_very_long_text" time="0.327" /><testcase classname="tests.altdata.test_sentiment_fingpt.TestFinGPTSentimentEdgeCases" name="test_special_characters" time="0.128" /><testcase classname="tests.altdata.test_sentiment_fingpt.TestFinGPTSentimentEdgeCases" name="test_unicode_text" time="0.114" /><testcase classname="tests.altdata.test_sentiment_fingpt.TestFinGPTPerformance" name="test_single_inference_latency" time="0.038" /><testcase classname="tests.altdata.test_sentiment_fingpt.TestFinGPTPerformance" name="test_cache_effectiveness" time="0.001" /><testcase classname="tests.altdata.test_sentiment_fingpt.TestFinGPTPerformance" name="test_batch_processing_faster" time="0.223" /><testcase classname="tests.altdata.test_sentiment_fingpt.TestFinGPTVsVADER" name="test_vader_fingpt_both_work" time="0.008" /><testcase classname="tests.altdata.test_sentiment_fingpt.TestFinGPTVsVADER" name="test_positive_news_both_positive" time="0.044"><failure message="AssertionError: VADER should be positive&#10;assert 0.0 &gt; 0">E   AssertionError: VADER should be positive
    assert 0.0 &gt; 0</failure></testcase><testcase classname="tests.altdata.test_sentiment_fingpt.TestFinGPTVsVADER" name="test_negative_news_both_negative" time="0.047" /><testcase classname="tests.altdata.test_sentiment_fingpt.TestFinGPTVsVADER" name="test_financial_domain_advantage" time="0.270" /><testcase classname="tests.altdata.test_sentiment_fingpt.TestABTestMode" name="test_ab_test_mode_runs_both_models" time="0.022" /><testcase classname="tests.altdata.test_sentiment_fingpt.TestABTestMode" name="test_sentiment_model_info" time="0.000" /><testcase classname="tests.altdata.test_sentiment_fingpt.TestFinGPTStatisticalValidation" name="test_reproducibility" time="0.001" /><testcase classname="tests.altdata.test_sentiment_fingpt.TestFinGPTStatisticalValidation" name="test_sensitivity_to_wording" time="0.073"><failure message="AssertionError: Scores not ordered: -0.00 &lt; 0.90 &lt; 0.81&#10;assert 0.8996075855392178 &lt; 0.805254626310913">E   AssertionError: Scores not ordered: -0.00 &lt; 0.90 &lt; 0.81
    assert 0.8996075855392178 &lt; 0.805254626310913</failure></testcase><testcase classname="tests.altdata.test_sentiment_fingpt.TestFinGPTStatisticalValidation" name="test_symmetry_positive_negative" time="0.143"><failure message="AssertionError: Expected opposite signs: -0.10 vs -0.82&#10;assert (-0.10108169381991372 * -0.8233266939601539) &lt; 0">E   AssertionError: Expected opposite signs: -0.10 vs -0.82
    assert (-0.10108169381991372 * -0.8233266939601539) &lt; 0</failure></testcase><testcase classname="tests.backtest.test_pnl_calculation.TestBasicPnLCalculation" name="test_winning_long_trade" time="0.002" /><testcase classname="tests.backtest.test_pnl_calculation.TestBasicPnLCalculation" name="test_losing_long_trade" time="0.001" /><testcase classname="tests.backtest.test_pnl_calculation.TestBasicPnLCalculation" name="test_partial_exit" time="0.001" /><testcase classname="tests.backtest.test_pnl_calculation.TestBasicPnLCalculation" name="test_multiple_trades_accumulate" time="0.001" /><testcase classname="tests.backtest.test_pnl_calculation.TestSlippageImpact" name="test_slippage_reduces_profit" time="0.000" /><testcase classname="tests.backtest.test_pnl_calculation.TestCommissionImpact" name="test_commission_reduces_cash" time="0.000" /><testcase classname="tests.backtest.test_pnl_calculation.TestCommissionImpact" name="test_sec_taf_fees_on_sell" time="0.000" /><testcase classname="tests.backtest.test_pnl_calculation.TestPositionTracking" name="test_position_qty_updates" time="0.000" /><testcase classname="tests.backtest.test_pnl_calculation.TestPositionTracking" name="test_average_cost_updates" time="0.000" /><testcase classname="tests.backtest.test_pnl_calculation.TestPositionTracking" name="test_cannot_oversell" time="0.000" /><testcase classname="tests.backtest.test_pnl_calculation.TestTradeRecording" name="test_trades_recorded_correctly" time="0.000" /><testcase classname="tests.cognitive.test_adjudicator.TestVerdictDataclass" name="test_verdict_creation" time="0.002" /><testcase classname="tests.cognitive.test_adjudicator.TestVerdictDataclass" name="test_verdict_rejected" time="0.000" /><testcase classname="tests.cognitive.test_adjudicator.TestHeuristicFunction" name="test_good_signal_approved" time="0.000" /><testcase classname="tests.cognitive.test_adjudicator.TestHeuristicFunction" name="test_penny_stock_penalized" time="0.000" /><testcase classname="tests.cognitive.test_adjudicator.TestHeuristicFunction" name="test_wide_stop_penalized" time="0.000" /><testcase classname="tests.cognitive.test_adjudicator.TestHeuristicFunction" name="test_multiple_penalties" time="0.000" /><testcase classname="tests.cognitive.test_adjudicator.TestHeuristicFunction" name="test_score_clamped_to_zero" time="0.000" /><testcase classname="tests.cognitive.test_adjudicator.TestHeuristicFunction" name="test_handles_missing_prices" time="0.000" /><testcase classname="tests.cognitive.test_adjudicator.TestHeuristicFunction" name="test_handles_invalid_prices" time="0.000" /><testcase classname="tests.cognitive.test_adjudicator.TestAdjudicateFunction" name="test_adjudicate_returns_verdict" time="0.000" /><testcase classname="tests.cognitive.test_adjudicator.TestAdjudicateFunction" name="test_adjudicate_good_signal" time="0.000" /><testcase classname="tests.cognitive.test_adjudicator.TestAdjudicateFunction" name="test_adjudicate_bad_signal" time="0.000" /><testcase classname="tests.cognitive.test_adjudicator.TestAdjudicateFunction" name="test_adjudicate_empty_signal" time="0.000" /><testcase classname="tests.cognitive.test_adjudicator.TestScoreThresholds" name="test_score_exactly_at_threshold" time="0.000" /><testcase classname="tests.cognitive.test_adjudicator.TestScoreThresholds" name="test_score_just_below_threshold" time="0.000" /><testcase classname="tests.cognitive.test_adjudicator.TestEdgeCases" name="test_zero_entry_price" time="0.000" /><testcase classname="tests.cognitive.test_adjudicator.TestEdgeCases" name="test_negative_prices" time="0.000" /><testcase classname="tests.cognitive.test_adjudicator.TestEdgeCases" name="test_none_values" time="0.001" /><testcase classname="tests.cognitive.test_adjudicator.TestIntegration" name="test_adjudicator_with_full_signal" time="0.000" /><testcase classname="tests.cognitive.test_cognitive_brain.TestCognitiveBrainInitialization" name="test_default_initialization" time="0.000" /><testcase classname="tests.cognitive.test_cognitive_brain.TestCognitiveBrainInitialization" name="test_custom_initialization" time="0.000" /><testcase classname="tests.cognitive.test_cognitive_brain.TestCognitiveBrainInitialization" name="test_lazy_loading_components" time="0.000" /><testcase classname="tests.cognitive.test_cognitive_brain.TestCognitiveBrainInitialization" name="test_singleton_factory" time="0.000" /><testcase classname="tests.cognitive.test_cognitive_brain.TestCognitiveBrainDeliberation" name="test_basic_deliberation_act" time="0.287" /><testcase classname="tests.cognitive.test_cognitive_brain.TestCognitiveBrainDeliberation" name="test_basic_deliberation_stand_down" time="0.001" /><testcase classname="tests.cognitive.test_cognitive_brain.TestCognitiveBrainDeliberation" name="test_deliberation_increments_decision_count" time="0.001" /><testcase classname="tests.cognitive.test_cognitive_brain.TestCognitiveBrainDeliberation" name="test_deliberation_records_processing_time" time="0.001" /><testcase classname="tests.cognitive.test_cognitive_brain.TestCognitiveBrainDeliberation" name="test_deliberation_with_missing_context" time="0.001" /><testcase classname="tests.cognitive.test_cognitive_brain.TestCognitiveBrainLearning" name="test_learn_from_winning_outcome" time="0.510" /><testcase classname="tests.cognitive.test_cognitive_brain.TestCognitiveBrainLearning" name="test_learn_from_losing_outcome" time="0.303" /><testcase classname="tests.cognitive.test_cognitive_brain.TestCognitiveBrainThinkDeeper" name="test_think_deeper_returns_adjusted_confidence" time="0.001" /><testcase classname="tests.cognitive.test_cognitive_brain.TestCognitiveBrainThinkDeeper" name="test_think_deeper_caps_confidence" time="0.001" /><testcase classname="tests.cognitive.test_cognitive_brain.TestCognitiveBrainConsolidation" name="test_daily_consolidation" time="0.216" /><testcase classname="tests.cognitive.test_cognitive_brain.TestCognitiveBrainConsolidation" name="test_weekly_consolidation" time="0.004" /><testcase classname="tests.cognitive.test_cognitive_brain.TestCognitiveBrainIntrospection" name="test_get_status" time="0.052" /><testcase classname="tests.cognitive.test_cognitive_brain.TestCognitiveBrainIntrospection" name="test_introspect" time="0.053" /><testcase classname="tests.cognitive.test_cognitive_brain.TestCognitiveBrainSizeMultiplier" name="test_size_multiplier_high_confidence" time="0.000" /><testcase classname="tests.cognitive.test_cognitive_brain.TestCognitiveBrainSizeMultiplier" name="test_size_multiplier_low_confidence" time="0.000" /><testcase classname="tests.cognitive.test_cognitive_brain.TestCognitiveBrainSizeMultiplier" name="test_size_multiplier_boundary" time="0.000" /><testcase classname="tests.cognitive.test_cognitive_brain.TestCognitiveDecision" name="test_cognitive_decision_to_dict" time="0.000" /><testcase classname="tests.cognitive.test_contradiction_resolver.TestSignal" name="test_signal_creation" time="0.003" /><testcase classname="tests.cognitive.test_contradiction_resolver.TestSignal" name="test_signal_serialization" time="0.000" /><testcase classname="tests.cognitive.test_contradiction_resolver.TestContradiction" name="test_contradiction_creation" time="0.000" /><testcase classname="tests.cognitive.test_contradiction_resolver.TestResolution" name="test_resolution_creation" time="0.000" /><testcase classname="tests.cognitive.test_contradiction_resolver.TestResolution" name="test_resolution_serialization" time="0.000" /><testcase classname="tests.cognitive.test_contradiction_resolver.TestContradictionResolver" name="test_initialization" time="0.000" /><testcase classname="tests.cognitive.test_contradiction_resolver.TestContradictionResolver" name="test_find_contradictions_opposite_directions" time="0.000" /><testcase classname="tests.cognitive.test_contradiction_resolver.TestContradictionResolver" name="test_find_contradictions_no_contradictions" time="0.000" /><testcase classname="tests.cognitive.test_contradiction_resolver.TestContradictionResolver" name="test_are_contradictory_opposite_directions" time="0.000" /><testcase classname="tests.cognitive.test_contradiction_resolver.TestContradictionResolver" name="test_are_contradictory_same_direction" time="0.000" /><testcase classname="tests.cognitive.test_contradiction_resolver.TestContradictionResolver" name="test_resolve_with_contradictions" time="0.710" /><testcase classname="tests.cognitive.test_contradiction_resolver.TestContradictionResolver" name="test_simple_aggregate_all_long" time="0.000" /><testcase classname="tests.cognitive.test_contradiction_resolver.TestContradictionResolver" name="test_simple_aggregate_mixed_with_majority" time="0.000" /><testcase classname="tests.cognitive.test_contradiction_resolver.TestSingletonPattern" name="test_get_resolver_returns_instance" time="0.000" /><testcase classname="tests.cognitive.test_contradiction_resolver.TestEdgeCases" name="test_empty_signals_list" time="0.000" /><testcase classname="tests.cognitive.test_contradiction_resolver.TestEdgeCases" name="test_single_signal" time="0.000" /><testcase classname="tests.cognitive.test_contradiction_resolver.TestEdgeCases" name="test_all_stand_down_signals" time="0.000" /><testcase classname="tests.cognitive.test_contradiction_resolver.TestEnums" name="test_signal_direction_values" time="0.000" /><testcase classname="tests.cognitive.test_contradiction_resolver.TestEnums" name="test_resolution_method_values" time="0.001" /><testcase classname="tests.cognitive.test_contradiction_resolver.TestEnums" name="test_contradiction_severity_values" time="0.000" /><testcase classname="tests.cognitive.test_curiosity_engine.TestHypothesisStatusEnum" name="test_status_values" time="0.000" /><testcase classname="tests.cognitive.test_curiosity_engine.TestHypothesisDataclass" name="test_hypothesis_creation" time="0.000" /><testcase classname="tests.cognitive.test_curiosity_engine.TestHypothesisDataclass" name="test_hypothesis_to_dict" time="0.000" /><testcase classname="tests.cognitive.test_curiosity_engine.TestEdgeDataclass" name="test_edge_creation" time="0.000" /><testcase classname="tests.cognitive.test_curiosity_engine.TestEdgeDataclass" name="test_edge_to_dict" time="0.000" /><testcase classname="tests.cognitive.test_curiosity_engine.TestCuriosityEngineInitialization" name="test_default_initialization" time="0.001" /><testcase classname="tests.cognitive.test_curiosity_engine.TestCuriosityEngineInitialization" name="test_custom_parameters" time="0.001" /><testcase classname="tests.cognitive.test_curiosity_engine.TestGetValidatedEdges" name="test_get_validated_edges_empty" time="0.001" /><testcase classname="tests.cognitive.test_curiosity_engine.TestGetActiveHypotheses" name="test_get_active_hypotheses_empty" time="0.001" /><testcase classname="tests.cognitive.test_curiosity_engine.TestTestAllPending" name="test_test_all_pending_empty" time="0.001" /><testcase classname="tests.cognitive.test_curiosity_engine.TestStatistics" name="test_get_stats_empty" time="0.001" /><testcase classname="tests.cognitive.test_curiosity_engine.TestIntrospection" name="test_introspect" time="0.001" /><testcase classname="tests.cognitive.test_curiosity_engine.TestStatePersistence" name="test_state_persists_across_instances" time="0.010" /><testcase classname="tests.cognitive.test_episodic_memory.TestEpisodeOutcomeEnum" name="test_outcome_values" time="0.000" /><testcase classname="tests.cognitive.test_episodic_memory.TestEpisodeDataclass" name="test_episode_creation" time="0.000" /><testcase classname="tests.cognitive.test_episodic_memory.TestEpisodeDataclass" name="test_episode_to_dict" time="0.000" /><testcase classname="tests.cognitive.test_episodic_memory.TestEpisodeDataclass" name="test_episode_from_dict" time="0.000" /><testcase classname="tests.cognitive.test_episodic_memory.TestEpisodeDataclass" name="test_episode_context_signature" time="0.000" /><testcase classname="tests.cognitive.test_episodic_memory.TestEpisodeDataclass" name="test_episode_different_context_different_signature" time="0.000" /><testcase classname="tests.cognitive.test_episodic_memory.TestEpisodicMemoryInitialization" name="test_initialization_creates_directory" time="0.001" /><testcase classname="tests.cognitive.test_episodic_memory.TestEpisodicMemoryInitialization" name="test_initialization_with_custom_max_episodes" time="0.001" /><testcase classname="tests.cognitive.test_episodic_memory.TestEpisodeLifecycle" name="test_start_episode" time="0.001" /><testcase classname="tests.cognitive.test_episodic_memory.TestEpisodeLifecycle" name="test_add_reasoning" time="0.001" /><testcase classname="tests.cognitive.test_episodic_memory.TestEpisodeLifecycle" name="test_add_reasoning_list" time="0.001" /><testcase classname="tests.cognitive.test_episodic_memory.TestEpisodeLifecycle" name="test_add_concern" time="0.001" /><testcase classname="tests.cognitive.test_episodic_memory.TestEpisodeLifecycle" name="test_add_concerns_multiple" time="0.001" /><testcase classname="tests.cognitive.test_episodic_memory.TestEpisodeLifecycle" name="test_add_action" time="0.001" /><testcase classname="tests.cognitive.test_episodic_memory.TestEpisodeLifecycle" name="test_complete_episode_win" time="0.001" /><testcase classname="tests.cognitive.test_episodic_memory.TestEpisodeLifecycle" name="test_complete_episode_loss" time="0.002" /><testcase classname="tests.cognitive.test_episodic_memory.TestEpisodeLifecycle" name="test_complete_episode_stand_down" time="0.001" /><testcase classname="tests.cognitive.test_episodic_memory.TestFindingSimilarEpisodes" name="test_find_similar_empty" time="0.001" /><testcase classname="tests.cognitive.test_episodic_memory.TestFindingSimilarEpisodes" name="test_find_similar_with_matching_context" time="0.002" /><testcase classname="tests.cognitive.test_episodic_memory.TestFindingSimilarEpisodes" name="test_find_similar_respects_limit" time="0.002" /><testcase classname="tests.cognitive.test_episodic_memory.TestLessonsForContext" name="test_get_lessons_for_context_empty" time="0.001" /><testcase classname="tests.cognitive.test_episodic_memory.TestLessonsForContext" name="test_get_lessons_includes_postmortem_lessons" time="0.001" /><testcase classname="tests.cognitive.test_episodic_memory.TestWinRateForContext" name="test_win_rate_empty" time="0.001" /><testcase classname="tests.cognitive.test_episodic_memory.TestWinRateForContext" name="test_win_rate_calculation" time="0.002" /><testcase classname="tests.cognitive.test_episodic_memory.TestRecentEpisodes" name="test_get_recent_episodes" time="0.001" /><testcase classname="tests.cognitive.test_episodic_memory.TestPostmortem" name="test_add_postmortem" time="0.001" /><testcase classname="tests.cognitive.test_episodic_memory.TestStatistics" name="test_get_stats_empty" time="0.001" /><testcase classname="tests.cognitive.test_episodic_memory.TestStatistics" name="test_get_stats_with_episodes" time="0.001" /><testcase classname="tests.cognitive.test_episodic_memory.TestPruning" name="test_prune_least_important" time="0.002" /><testcase classname="tests.cognitive.test_episodic_memory.TestPersistence" name="test_save_and_load_episode" time="0.013" /><testcase classname="tests.cognitive.test_episodic_memory.TestSingletonFactory" name="test_get_episodic_memory_singleton" time="0.000" /><testcase classname="tests.cognitive.test_game_briefings.TestBriefingContext" name="test_required_fields" time="0.000" /><testcase classname="tests.cognitive.test_game_briefings.TestBriefingContext" name="test_default_values" time="0.000" /><testcase classname="tests.cognitive.test_game_briefings.TestBriefingContext" name="test_to_dict" time="0.000" /><testcase classname="tests.cognitive.test_game_briefings.TestPreGameBriefing" name="test_creation" time="0.000" /><testcase classname="tests.cognitive.test_game_briefings.TestPreGameBriefing" name="test_to_dict" time="0.001" /><testcase classname="tests.cognitive.test_game_briefings.TestHalfTimeBriefing" name="test_creation" time="0.000" /><testcase classname="tests.cognitive.test_game_briefings.TestPostGameBriefing" name="test_creation" time="0.000" /><testcase classname="tests.cognitive.test_game_briefings.TestTradeOutcome" name="test_winner_detection" time="0.000" /><testcase classname="tests.cognitive.test_game_briefings.TestPositionStatus" name="test_creation" time="0.000" /><testcase classname="tests.cognitive.test_game_briefings.TestGameBriefingEngine" name="test_filter_test_trades" time="0.012" /><testcase classname="tests.cognitive.test_game_briefings.TestGameBriefingEngine" name="test_save_briefing_utf8_encoding" time="0.024" /><testcase classname="tests.cognitive.test_game_briefings.TestGetBriefingEngine" name="test_returns_engine_instance" time="0.001" /><testcase classname="tests.cognitive.test_game_briefings.TestIntegration" name="test_briefing_flow" time="0.015" /><testcase classname="tests.cognitive.test_game_briefings.TestIntegration" name="test_day_summary_calculation" time="0.001" /><testcase classname="tests.cognitive.test_global_workspace.TestPriorityEnum" name="test_priority_values" time="0.000" /><testcase classname="tests.cognitive.test_global_workspace.TestWorkspaceItemDataclass" name="test_item_creation" time="0.000" /><testcase classname="tests.cognitive.test_global_workspace.TestWorkspaceItemDataclass" name="test_item_with_custom_ttl" time="0.000" /><testcase classname="tests.cognitive.test_global_workspace.TestWorkspaceItemDataclass" name="test_item_to_dict" time="0.000" /><testcase classname="tests.cognitive.test_global_workspace.TestWorkspaceItemDataclass" name="test_item_is_expired" time="0.000" /><testcase classname="tests.cognitive.test_global_workspace.TestGlobalWorkspaceInitialization" name="test_default_initialization" time="0.000" /><testcase classname="tests.cognitive.test_global_workspace.TestGlobalWorkspaceInitialization" name="test_custom_capacity" time="0.000" /><testcase classname="tests.cognitive.test_global_workspace.TestPublishSubscribe" name="test_subscribe_to_topic" time="0.000" /><testcase classname="tests.cognitive.test_global_workspace.TestPublishSubscribe" name="test_publish_message" time="0.000" /><testcase classname="tests.cognitive.test_global_workspace.TestPublishSubscribe" name="test_multiple_subscribers" time="0.000" /><testcase classname="tests.cognitive.test_global_workspace.TestPublishSubscribe" name="test_publish_to_nonexistent_topic" time="0.000" /><testcase classname="tests.cognitive.test_global_workspace.TestPublishSubscribe" name="test_wildcard_subscription" time="0.000" /><testcase classname="tests.cognitive.test_global_workspace.TestGetData" name="test_get_published_data" time="0.000" /><testcase classname="tests.cognitive.test_global_workspace.TestGetData" name="test_get_nonexistent_data" time="0.000" /><testcase classname="tests.cognitive.test_global_workspace.TestGetData" name="test_get_with_default" time="0.000" /><testcase classname="tests.cognitive.test_global_workspace.TestGetData" name="test_get_item_full" time="0.000" /><testcase classname="tests.cognitive.test_global_workspace.TestGetContext" name="test_get_context_multiple_topics" time="0.000" /><testcase classname="tests.cognitive.test_global_workspace.TestGetContext" name="test_get_context_empty" time="0.000" /><testcase classname="tests.cognitive.test_global_workspace.TestWorkingMemory" name="test_high_priority_enters_working_memory" time="0.000" /><testcase classname="tests.cognitive.test_global_workspace.TestWorkingMemory" name="test_low_priority_does_not_enter_working_memory" time="0.000" /><testcase classname="tests.cognitive.test_global_workspace.TestWorkingMemory" name="test_focus_attention" time="0.000" /><testcase classname="tests.cognitive.test_global_workspace.TestWorkingMemory" name="test_working_memory_capacity_limit" time="0.000" /><testcase classname="tests.cognitive.test_global_workspace.TestStatistics" name="test_get_stats" time="0.000" /><testcase classname="tests.cognitive.test_global_workspace.TestCleanup" name="test_cleanup_expired_items" time="0.000" /><testcase classname="tests.cognitive.test_global_workspace.TestDumpState" name="test_dump_state_json" time="0.000" /><testcase classname="tests.cognitive.test_global_workspace.TestSingletonFactory" name="test_get_workspace" time="0.000" /><testcase classname="tests.cognitive.test_global_workspace.TestTopicConstants" name="test_topic_constants_exist" time="0.000" /><testcase classname="tests.cognitive.test_knowledge_boundary.TestUncertaintyLevelEnum" name="test_uncertainty_levels" time="0.000" /><testcase classname="tests.cognitive.test_knowledge_boundary.TestUncertaintySourceEnum" name="test_uncertainty_sources" time="0.000" /><testcase classname="tests.cognitive.test_knowledge_boundary.TestInvalidatorDataclass" name="test_invalidator_creation" time="0.001" /><testcase classname="tests.cognitive.test_knowledge_boundary.TestKnowledgeAssessmentDataclass" name="test_assessment_creation" time="0.000" /><testcase classname="tests.cognitive.test_knowledge_boundary.TestKnowledgeAssessmentDataclass" name="test_assessment_to_dict" time="0.000" /><testcase classname="tests.cognitive.test_knowledge_boundary.TestKnowledgeBoundaryInitialization" name="test_default_initialization" time="0.000" /><testcase classname="tests.cognitive.test_knowledge_boundary.TestKnowledgeBoundaryInitialization" name="test_custom_thresholds" time="0.000" /><testcase classname="tests.cognitive.test_knowledge_boundary.TestAssessKnowledgeState" name="test_low_uncertainty_context" time="0.000" /><testcase classname="tests.cognitive.test_knowledge_boundary.TestAssessKnowledgeState" name="test_missing_data_increases_uncertainty" time="0.000" /><testcase classname="tests.cognitive.test_knowledge_boundary.TestAssessKnowledgeState" name="test_stale_data_increases_uncertainty" time="0.000" /><testcase classname="tests.cognitive.test_knowledge_boundary.TestAssessKnowledgeState" name="test_high_vix_increases_uncertainty" time="0.000" /><testcase classname="tests.cognitive.test_knowledge_boundary.TestAssessKnowledgeState" name="test_stand_down_on_extreme_uncertainty" time="0.000" /><testcase classname="tests.cognitive.test_knowledge_boundary.TestWhatWouldChangeMind" name="test_returns_list_of_doubts" time="0.000" /><testcase classname="tests.cognitive.test_knowledge_boundary.TestGetConfidenceCeiling" name="test_high_uncertainty_lowers_ceiling" time="0.001" /><testcase classname="tests.cognitive.test_knowledge_boundary.TestGetConfidenceCeiling" name="test_low_uncertainty_high_ceiling" time="0.000" /><testcase classname="tests.cognitive.test_knowledge_boundary.TestIntrospection" name="test_introspect" time="0.000" /><testcase classname="tests.cognitive.test_knowledge_boundary.TestConfidenceAdjustment" name="test_confidence_adjustment_negative_with_uncertainty" time="0.001" /><testcase classname="tests.cognitive.test_knowledge_boundary.TestTimestampHandling" name="test_handles_string_timestamp" time="0.000" /><testcase classname="tests.cognitive.test_knowledge_boundary.TestTimestampHandling" name="test_handles_datetime_timestamp" time="0.000" /><testcase classname="tests.cognitive.test_llm_narrative_analyzer" name="test_llm_analyzer_init_with_api_key" time="0.283" /><testcase classname="tests.cognitive.test_llm_narrative_analyzer" name="test_llm_analyzer_init_without_api_key" time="0.001" /><testcase classname="tests.cognitive.test_llm_narrative_analyzer" name="test_build_prompt" time="0.001" /><testcase classname="tests.cognitive.test_llm_narrative_analyzer" name="test_analyze_reflection_success" time="0.005" /><testcase classname="tests.cognitive.test_llm_narrative_analyzer" name="test_analyze_reflection_no_client" time="0.001" /><testcase classname="tests.cognitive.test_llm_narrative_analyzer" name="test_analyze_reflection_api_error" time="0.025" /><testcase classname="tests.cognitive.test_llm_narrative_analyzer" name="test_get_llm_analyzer_singleton" time="0.002" /><testcase classname="tests.cognitive.test_llm_narrative_analyzer.TestStrategyIdeaParsing" name="test_parse_strategy_ideas_single" time="0.002" /><testcase classname="tests.cognitive.test_llm_narrative_analyzer.TestStrategyIdeaParsing" name="test_parse_strategy_ideas_multiple" time="0.001" /><testcase classname="tests.cognitive.test_llm_narrative_analyzer.TestStrategyIdeaParsing" name="test_parse_strategy_ideas_no_ideas" time="0.001" /><testcase classname="tests.cognitive.test_llm_narrative_analyzer.TestStrategyIdeaParsing" name="test_parse_strategy_ideas_incomplete" time="0.001" /><testcase classname="tests.cognitive.test_llm_narrative_analyzer.TestShouldRequestStrategyIdeas" name="test_should_request_for_daily_scope" time="0.001" /><testcase classname="tests.cognitive.test_llm_narrative_analyzer.TestShouldRequestStrategyIdeas" name="test_should_request_for_weekly_scope" time="0.001" /><testcase classname="tests.cognitive.test_llm_narrative_analyzer.TestShouldRequestStrategyIdeas" name="test_should_request_for_many_failures" time="0.002" /><testcase classname="tests.cognitive.test_llm_narrative_analyzer.TestShouldRequestStrategyIdeas" name="test_should_request_for_trigger_phrases" time="0.001" /><testcase classname="tests.cognitive.test_llm_narrative_analyzer.TestShouldRequestStrategyIdeas" name="test_should_not_request_for_simple_episode" time="0.001" /><testcase classname="tests.cognitive.test_llm_narrative_analyzer.TestStrategyIdeaDataclass" name="test_strategy_idea_to_dict" time="0.001" /><testcase classname="tests.cognitive.test_llm_narrative_analyzer.TestLLMAnalysisResultDataclass" name="test_llm_analysis_result_to_dict" time="0.001" /><testcase classname="tests.cognitive.test_llm_narrative_analyzer" name="test_analyze_reflection_with_strategy_ideas" time="0.004" /><testcase classname="tests.cognitive.test_llm_trade_analyzer.TestTradeNarrative" name="test_import" time="0.006" /><testcase classname="tests.cognitive.test_llm_trade_analyzer.TestTradeNarrative" name="test_create_narrative" time="0.000" /><testcase classname="tests.cognitive.test_llm_trade_analyzer.TestTradeNarrative" name="test_narrative_to_dict" time="0.000" /><testcase classname="tests.cognitive.test_llm_trade_analyzer.TestDailyInsightReport" name="test_import" time="0.000" /><testcase classname="tests.cognitive.test_llm_trade_analyzer.TestDailyInsightReport" name="test_create_report" time="0.000" /><testcase classname="tests.cognitive.test_llm_trade_analyzer.TestDailyInsightReport" name="test_report_to_dict" time="0.000" /><testcase classname="tests.cognitive.test_llm_trade_analyzer.TestLLMTradeAnalyzer" name="test_import" time="0.000" /><testcase classname="tests.cognitive.test_llm_trade_analyzer.TestLLMTradeAnalyzer" name="test_init_defaults" time="0.000" /><testcase classname="tests.cognitive.test_llm_trade_analyzer.TestLLMTradeAnalyzer" name="test_init_custom_params" time="0.000" /><testcase classname="tests.cognitive.test_llm_trade_analyzer.TestDeterministicFallback" name="test_deterministic_narrative_ibs_rsi" time="0.000" /><testcase classname="tests.cognitive.test_llm_trade_analyzer.TestDeterministicFallback" name="test_deterministic_narrative_turtle_soup" time="0.000" /><testcase classname="tests.cognitive.test_llm_trade_analyzer.TestDeterministicFallback" name="test_deterministic_narrative_unknown_strategy" time="0.000" /><testcase classname="tests.cognitive.test_llm_trade_analyzer.TestTop3Analysis" name="test_analyze_empty_picks" time="0.001" /><testcase classname="tests.cognitive.test_llm_trade_analyzer.TestTop3Analysis" name="test_analyze_top3_deterministic" time="0.002" /><testcase classname="tests.cognitive.test_llm_trade_analyzer.TestTOTDAnalysis" name="test_analyze_empty_totd" time="0.000" /><testcase classname="tests.cognitive.test_llm_trade_analyzer.TestTOTDAnalysis" name="test_analyze_totd_deterministic" time="0.001" /><testcase classname="tests.cognitive.test_llm_trade_analyzer.TestMarketSummary" name="test_market_summary_bull" time="0.000" /><testcase classname="tests.cognitive.test_llm_trade_analyzer.TestMarketSummary" name="test_market_summary_bear" time="0.000" /><testcase classname="tests.cognitive.test_llm_trade_analyzer.TestSentimentInterpretation" name="test_interpret_no_articles" time="0.000" /><testcase classname="tests.cognitive.test_llm_trade_analyzer.TestSentimentInterpretation" name="test_interpret_with_articles" time="0.001" /><testcase classname="tests.cognitive.test_llm_trade_analyzer.TestKeyFindings" name="test_findings_empty_signals" time="0.001" /><testcase classname="tests.cognitive.test_llm_trade_analyzer.TestKeyFindings" name="test_findings_with_signals" time="0.002" /><testcase classname="tests.cognitive.test_llm_trade_analyzer.TestDailyInsightReportGeneration" name="test_generate_full_report" time="0.002" /><testcase classname="tests.cognitive.test_llm_trade_analyzer.TestSingletonPattern" name="test_get_trade_analyzer" time="0.000" /><testcase classname="tests.cognitive.test_llm_trade_analyzer.TestSingletonPattern" name="test_reset_trade_analyzer" time="0.000" /><testcase classname="tests.cognitive.test_llm_trade_analyzer.TestEdgeDescriptions" name="test_edge_description_ibs_rsi" time="0.000" /><testcase classname="tests.cognitive.test_llm_trade_analyzer.TestEdgeDescriptions" name="test_edge_description_turtle_soup" time="0.000" /><testcase classname="tests.cognitive.test_llm_trade_analyzer.TestEdgeDescriptions" name="test_edge_description_unknown" time="0.000" /><testcase classname="tests.cognitive.test_llm_trade_analyzer.TestConfidenceRating" name="test_high_confidence" time="0.000" /><testcase classname="tests.cognitive.test_llm_trade_analyzer.TestConfidenceRating" name="test_medium_confidence" time="0.000" /><testcase classname="tests.cognitive.test_llm_trade_analyzer.TestConfidenceRating" name="test_low_confidence" time="0.000" /><testcase classname="tests.cognitive.test_llm_trade_analyzer.TestRiskWarnings" name="test_high_vix_warning" time="0.000" /><testcase classname="tests.cognitive.test_llm_trade_analyzer.TestRiskWarnings" name="test_friday_warning" time="0.000" /><testcase classname="tests.cognitive.test_llm_trade_analyzer.TestOpportunities" name="test_opportunities_with_picks" time="0.001" /><testcase classname="tests.cognitive.test_llm_trade_analyzer.TestOpportunities" name="test_opportunities_bull_regime" time="0.001" /><testcase classname="tests.cognitive.test_metacognitive_governor.TestMetacognitiveGovernorInitialization" name="test_default_initialization" time="0.000" /><testcase classname="tests.cognitive.test_metacognitive_governor.TestMetacognitiveGovernorInitialization" name="test_custom_initialization" time="0.000" /><testcase classname="tests.cognitive.test_metacognitive_governor.TestRoutingDecisions" name="test_high_confidence_routes_to_fast_path" time="0.001" /><testcase classname="tests.cognitive.test_metacognitive_governor.TestRoutingDecisions" name="test_low_confidence_triggers_stand_down" time="0.000" /><testcase classname="tests.cognitive.test_metacognitive_governor.TestRoutingDecisions" name="test_medium_confidence_triggers_hybrid_path" time="0.000" /><testcase classname="tests.cognitive.test_metacognitive_governor.TestRoutingDecisions" name="test_conflicting_signals_escalates_to_slow" time="0.000" /><testcase classname="tests.cognitive.test_metacognitive_governor.TestRoutingDecisions" name="test_high_stakes_position_escalates" time="0.000" /><testcase classname="tests.cognitive.test_metacognitive_governor.TestStandDownDecisions" name="test_stand_down_increments_counter" time="0.000" /><testcase classname="tests.cognitive.test_metacognitive_governor.TestStandDownDecisions" name="test_stand_down_has_correct_reason" time="0.000" /><testcase classname="tests.cognitive.test_metacognitive_governor.TestRoutingStatistics" name="test_routing_stats_empty" time="0.000" /><testcase classname="tests.cognitive.test_metacognitive_governor.TestRoutingStatistics" name="test_routing_stats_after_decisions" time="0.001" /><testcase classname="tests.cognitive.test_metacognitive_governor.TestRoutingStatistics" name="test_record_outcome" time="0.000" /><testcase classname="tests.cognitive.test_metacognitive_governor.TestNovelSituationDetection" name="test_novel_situation_with_no_history" time="0.000" /><testcase classname="tests.cognitive.test_metacognitive_governor.TestIntrospection" name="test_introspect_returns_report" time="0.001" /><testcase classname="tests.cognitive.test_metacognitive_governor.TestIntrospection" name="test_introspect_identifies_concerns" time="0.001" /><testcase classname="tests.cognitive.test_metacognitive_governor.TestRoutingDecisionDataclass" name="test_routing_decision_to_dict" time="0.000" /><testcase classname="tests.cognitive.test_metacognitive_governor.TestDecisionRecord" name="test_was_efficient_property" time="0.000" /><testcase classname="tests.cognitive.test_metacognitive_governor.TestProcessingModeEnum" name="test_processing_modes" time="0.001" /><testcase classname="tests.cognitive.test_reflection_engine.TestReflectionEngineInitialization" name="test_default_initialization" time="0.000" /><testcase classname="tests.cognitive.test_reflection_engine.TestReflectionEngineInitialization" name="test_lazy_loading_dependencies" time="0.000" /><testcase classname="tests.cognitive.test_reflection_engine.TestReflectionDataclass" name="test_reflection_creation" time="0.000" /><testcase classname="tests.cognitive.test_reflection_engine.TestReflectionDataclass" name="test_reflection_to_dict" time="0.000" /><testcase classname="tests.cognitive.test_reflection_engine.TestReflectionDataclass" name="test_reflection_default_values" time="0.001" /><testcase classname="tests.cognitive.test_reflection_engine.TestReflectOnEpisode" name="test_reflect_on_winning_episode" time="0.745" /><testcase classname="tests.cognitive.test_reflection_engine.TestReflectOnEpisode" name="test_reflect_on_losing_episode" time="0.113" /><testcase classname="tests.cognitive.test_reflection_engine.TestReflectOnEpisode" name="test_reflect_on_stand_down_episode" time="0.165" /><testcase classname="tests.cognitive.test_reflection_engine.TestPeriodicReflection" name="test_periodic_reflection_no_episodes" time="0.085" /><testcase classname="tests.cognitive.test_reflection_engine.TestPeriodicReflection" name="test_periodic_reflection_generates_summary" time="0.082" /><testcase classname="tests.cognitive.test_reflection_engine.TestConsolidateLearnings" name="test_consolidate_learnings" time="0.003" /><testcase classname="tests.cognitive.test_reflection_engine.TestIntrospection" name="test_introspect_returns_report" time="0.000" /><testcase classname="tests.cognitive.test_reflection_engine.TestIntrospection" name="test_introspect_after_reflections" time="0.000" /><testcase classname="tests.cognitive.test_reflection_engine.TestHelperMethods" name="test_describe_context" time="0.000" /><testcase classname="tests.cognitive.test_reflection_engine.TestHelperMethods" name="test_describe_context_empty" time="0.000" /><testcase classname="tests.cognitive.test_reflection_engine.TestReflectionHistory" name="test_reflection_history_limit" time="1.492" /><testcase classname="tests.cognitive.test_reflection_engine.TestApplyLearnings" name="test_apply_learnings_updates_memories" time="0.030" /><testcase classname="tests.cognitive.test_self_consistency.TestSelfConsistencyResult" name="test_result_creation" time="0.003" /><testcase classname="tests.cognitive.test_self_consistency.TestSelfConsistencyResult" name="test_result_serialization" time="0.000" /><testcase classname="tests.cognitive.test_self_consistency.TestSelfConsistencyResult" name="test_result_properties" time="0.000" /><testcase classname="tests.cognitive.test_self_consistency.TestSelfConsistencyDecoder" name="test_initialization_without_llm" time="0.000" /><testcase classname="tests.cognitive.test_self_consistency.TestSelfConsistencyDecoder" name="test_initialization_with_mock_llm" time="0.001" /><testcase classname="tests.cognitive.test_self_consistency.TestSelfConsistencyDecoder" name="test_decode_without_llm_returns_fallback" time="0.001" /><testcase classname="tests.cognitive.test_self_consistency.TestEnhancedSelfConsistency" name="test_initialization" time="0.000" /><testcase classname="tests.cognitive.test_self_consistency.TestEnhancedSelfConsistency" name="test_decode_with_context_weights" time="0.001" /><testcase classname="tests.cognitive.test_self_consistency.TestSingletonPattern" name="test_get_self_consistency_returns_instance" time="0.000" /><testcase classname="tests.cognitive.test_self_consistency.TestReasoningChain" name="test_reasoning_chain_creation" time="0.000" /><testcase classname="tests.cognitive.test_self_consistency.TestAnswerType" name="test_answer_types_exist" time="0.000" /><testcase classname="tests.cognitive.test_self_consistency.TestSelfConsistencyIntegration" name="test_full_decode_with_mock_llm" time="0.002" /><testcase classname="tests.cognitive.test_self_consistency.TestSelfConsistencyIntegration" name="test_diverse_sampling_with_temperature" time="0.000" /><testcase classname="tests.cognitive.test_self_consistency.TestEdgeCases" name="test_high_confidence_result" time="0.000" /><testcase classname="tests.cognitive.test_self_consistency.TestEdgeCases" name="test_disputed_result" time="0.000" /><testcase classname="tests.cognitive.test_self_model.TestSelfModelInitialization" name="test_default_initialization" time="0.001" /><testcase classname="tests.cognitive.test_self_model.TestSelfModelInitialization" name="test_initialization_creates_state_dir" time="0.002" /><testcase classname="tests.cognitive.test_self_model.TestCapabilityEnum" name="test_capability_values" time="0.000" /><testcase classname="tests.cognitive.test_self_model.TestStrategyPerformance" name="test_win_rate_calculation" time="0.000" /><testcase classname="tests.cognitive.test_self_model.TestStrategyPerformance" name="test_win_rate_zero_trades" time="0.000" /><testcase classname="tests.cognitive.test_self_model.TestStrategyPerformance" name="test_capability_classification" time="0.000" /><testcase classname="tests.cognitive.test_self_model.TestStrategyPerformance" name="test_to_dict" time="0.000" /><testcase classname="tests.cognitive.test_self_model.TestLimitation" name="test_limitation_creation" time="0.000" /><testcase classname="tests.cognitive.test_self_model.TestLimitation" name="test_limitation_to_dict" time="0.000" /><testcase classname="tests.cognitive.test_self_model.TestConfidenceCalibration" name="test_actual_accuracy" time="0.000" /><testcase classname="tests.cognitive.test_self_model.TestConfidenceCalibration" name="test_calibration_error" time="0.000" /><testcase classname="tests.cognitive.test_self_model.TestRecordTradeOutcome" name="test_record_winning_trade" time="0.001" /><testcase classname="tests.cognitive.test_self_model.TestRecordTradeOutcome" name="test_record_losing_trade" time="0.001" /><testcase classname="tests.cognitive.test_self_model.TestRecordTradeOutcome" name="test_record_multiple_trades" time="0.001" /><testcase classname="tests.cognitive.test_self_model.TestRecordLimitation" name="test_record_new_limitation" time="0.001" /><testcase classname="tests.cognitive.test_self_model.TestRecordLimitation" name="test_record_duplicate_limitation" time="0.001" /><testcase classname="tests.cognitive.test_self_model.TestCalibrationTracking" name="test_record_prediction" time="0.001" /><testcase classname="tests.cognitive.test_self_model.TestCalibrationTracking" name="test_is_well_calibrated" time="0.001" /><testcase classname="tests.cognitive.test_self_model.TestCalibrationTracking" name="test_get_calibration_error" time="0.001" /><testcase classname="tests.cognitive.test_self_model.TestShouldStandDown" name="test_stand_down_poor_capability" time="0.001" /><testcase classname="tests.cognitive.test_self_model.TestShouldStandDown" name="test_no_stand_down_good_capability" time="0.001" /><testcase classname="tests.cognitive.test_self_model.TestStrengthsAndWeaknesses" name="test_get_strengths" time="0.001" /><testcase classname="tests.cognitive.test_self_model.TestStrengthsAndWeaknesses" name="test_get_weaknesses" time="0.001" /><testcase classname="tests.cognitive.test_self_model.TestSelfDescription" name="test_get_self_description" time="0.001" /><testcase classname="tests.cognitive.test_self_model.TestSelfDescription" name="test_self_description_with_data" time="0.001" /><testcase classname="tests.cognitive.test_self_model.TestPersistence" name="test_save_and_load_state" time="0.014" /><testcase classname="tests.cognitive.test_self_model.TestGetStatus" name="test_get_status" time="0.001" /><testcase classname="tests.cognitive.test_semantic_memory.TestSemanticRuleDataclass" name="test_rule_creation" time="0.001" /><testcase classname="tests.cognitive.test_semantic_memory.TestSemanticRuleDataclass" name="test_rule_with_custom_confidence" time="0.000" /><testcase classname="tests.cognitive.test_semantic_memory.TestSemanticRuleDataclass" name="test_rule_to_dict" time="0.000" /><testcase classname="tests.cognitive.test_semantic_memory.TestSemanticRuleDataclass" name="test_rule_from_dict" time="0.000" /><testcase classname="tests.cognitive.test_semantic_memory.TestSemanticRuleDataclass" name="test_rule_success_rate_property" time="0.000" /><testcase classname="tests.cognitive.test_semantic_memory.TestSemanticRuleDataclass" name="test_rule_evidence_ratio_property" time="0.000" /><testcase classname="tests.cognitive.test_semantic_memory.TestConditionMatcher" name="test_simple_equality" time="0.000" /><testcase classname="tests.cognitive.test_semantic_memory.TestConditionMatcher" name="test_numeric_comparison" time="0.000" /><testcase classname="tests.cognitive.test_semantic_memory.TestConditionMatcher" name="test_and_condition" time="0.000" /><testcase classname="tests.cognitive.test_semantic_memory.TestConditionMatcher" name="test_or_condition" time="0.000" /><testcase classname="tests.cognitive.test_semantic_memory.TestConditionMatcher" name="test_missing_field" time="0.000" /><testcase classname="tests.cognitive.test_semantic_memory.TestSemanticMemoryInitialization" name="test_default_initialization" time="0.001" /><testcase classname="tests.cognitive.test_semantic_memory.TestSemanticMemoryInitialization" name="test_initialization_creates_directory" time="0.001" /><testcase classname="tests.cognitive.test_semantic_memory.TestAddingRules" name="test_add_rule" time="0.001" /><testcase classname="tests.cognitive.test_semantic_memory.TestAddingRules" name="test_add_rule_with_parameters" time="0.001" /><testcase classname="tests.cognitive.test_semantic_memory.TestAddingRules" name="test_add_duplicate_rule_strengthens" time="0.001" /><testcase classname="tests.cognitive.test_semantic_memory.TestGetApplicableRules" name="test_get_applicable_rules_empty" time="0.001" /><testcase classname="tests.cognitive.test_semantic_memory.TestGetApplicableRules" name="test_get_applicable_rules_matching" time="0.001" /><testcase classname="tests.cognitive.test_semantic_memory.TestGetApplicableRules" name="test_get_applicable_rules_respects_min_confidence" time="0.001" /><testcase classname="tests.cognitive.test_semantic_memory.TestRecordRuleOutcome" name="test_record_successful_outcome" time="0.001" /><testcase classname="tests.cognitive.test_semantic_memory.TestRecordRuleOutcome" name="test_record_failed_outcome" time="0.001" /><testcase classname="tests.cognitive.test_semantic_memory.TestRecordRuleOutcome" name="test_rule_deactivated_after_many_failures" time="0.001" /><testcase classname="tests.cognitive.test_semantic_memory.TestRuleStatistics" name="test_get_stats_empty" time="0.001" /><testcase classname="tests.cognitive.test_semantic_memory.TestRuleStatistics" name="test_get_stats_with_rules" time="0.001" /><testcase classname="tests.cognitive.test_semantic_memory.TestGetAllRules" name="test_get_all_rules" time="0.001" /><testcase classname="tests.cognitive.test_semantic_memory.TestGetAllRules" name="test_get_all_rules_active_only" time="0.001" /><testcase classname="tests.cognitive.test_semantic_memory.TestPruneLowConfidence" name="test_prune_low_confidence" time="0.001" /><testcase classname="tests.cognitive.test_semantic_memory.TestPersistence" name="test_save_and_load_state" time="0.010" /><testcase classname="tests.cognitive.test_semantic_memory.TestSingletonFactory" name="test_get_semantic_memory" time="0.000" /><testcase classname="tests.cognitive.test_signal_adjudicator.TestAdjudicatorConfig" name="test_default_weights_sum_to_100" time="0.000" /><testcase classname="tests.cognitive.test_signal_adjudicator.TestAdjudicatorConfig" name="test_validate_returns_true_for_valid_config" time="0.001" /><testcase classname="tests.cognitive.test_signal_adjudicator.TestAdjudicatorConfig" name="test_validate_returns_false_for_invalid_config" time="0.000" /><testcase classname="tests.cognitive.test_signal_adjudicator.TestSignalStrength" name="test_extreme_ibs_gets_max_score" time="0.002" /><testcase classname="tests.cognitive.test_signal_adjudicator.TestSignalStrength" name="test_near_extreme_rsi_gets_partial_score" time="0.001" /><testcase classname="tests.cognitive.test_signal_adjudicator.TestSignalStrength" name="test_normal_rsi_gets_no_bonus" time="0.001" /><testcase classname="tests.cognitive.test_signal_adjudicator.TestPatternConfluence" name="test_detects_ibs_oversold_pattern" time="0.001" /><testcase classname="tests.cognitive.test_signal_adjudicator.TestPatternConfluence" name="test_multiple_patterns_increase_score" time="0.003" /><testcase classname="tests.cognitive.test_signal_adjudicator.TestVolatilityContraction" name="test_low_percentile_gets_high_score" time="0.001" /><testcase classname="tests.cognitive.test_signal_adjudicator.TestVolatilityContraction" name="test_insufficient_data_returns_neutral" time="0.001" /><testcase classname="tests.cognitive.test_signal_adjudicator.TestSectorStrength" name="test_outperforming_sector_gets_bonus" time="0.009" /><testcase classname="tests.cognitive.test_signal_adjudicator.TestSectorStrength" name="test_underperforming_sector_gets_no_bonus" time="0.001" /><testcase classname="tests.cognitive.test_signal_adjudicator.TestAdjudicatorIntegration" name="test_adjudicate_returns_sorted_dataframe" time="0.009" /><testcase classname="tests.cognitive.test_signal_adjudicator.TestAdjudicatorIntegration" name="test_get_top_n_returns_correct_count" time="0.005" /><testcase classname="tests.cognitive.test_signal_adjudicator.TestAdjudicatorIntegration" name="test_empty_signals_returns_empty" time="0.001" /><testcase classname="tests.cognitive.test_signal_adjudicator.TestConvenienceFunctions" name="test_get_adjudicator_returns_singleton" time="0.000" /><testcase classname="tests.cognitive.test_signal_adjudicator.TestConvenienceFunctions" name="test_get_adjudicator_with_config_creates_new" time="0.000" /><testcase classname="tests.cognitive.test_signal_adjudicator.TestConvenienceFunctions" name="test_adjudicate_signals_convenience" time="0.005" /><testcase classname="tests.cognitive.test_signal_adjudicator.TestRSITiering" name="test_rsi_under_5_is_extreme" time="0.001" /><testcase classname="tests.cognitive.test_signal_adjudicator.TestRSITiering" name="test_rsi_5_to_10_is_near_extreme" time="0.001" /><testcase classname="tests.cognitive.test_signal_adjudicator.TestRSITiering" name="test_rsi_over_10_is_normal" time="0.001" /><testcase classname="tests.cognitive.test_signal_processor.TestCognitiveSignalProcessorInitialization" name="test_default_initialization" time="0.000" /><testcase classname="tests.cognitive.test_signal_processor.TestCognitiveSignalProcessorInitialization" name="test_processor_has_active_episodes_tracking" time="0.000" /><testcase classname="tests.cognitive.test_signal_processor.TestBuildMarketContext" name="test_build_context_with_spy_data" time="0.440" /><testcase classname="tests.cognitive.test_signal_processor.TestBuildMarketContext" name="test_build_context_empty_data" time="0.374" /><testcase classname="tests.cognitive.test_signal_processor.TestEvaluateSignals" name="test_evaluate_empty_signals" time="0.001" /><testcase classname="tests.cognitive.test_signal_processor.TestEvaluateSignals" name="test_evaluate_single_signal" time="0.767" /><testcase classname="tests.cognitive.test_signal_processor.TestEvaluateSignals" name="test_evaluate_multiple_signals" time="1.142" /><testcase classname="tests.cognitive.test_signal_processor.TestRecordOutcome" name="test_record_outcome_updates_brain" time="0.775" /><testcase classname="tests.cognitive.test_signal_processor.TestDailyMaintenance" name="test_daily_maintenance" time="0.173" /><testcase classname="tests.cognitive.test_signal_processor.TestIntrospection" name="test_introspect" time="0.001" /><testcase classname="tests.cognitive.test_signal_processor.TestGetCognitiveStatus" name="test_get_cognitive_status" time="0.001" /><testcase classname="tests.cognitive.test_signal_processor.TestRecordOutcomeBySymbol" name="test_record_outcome_by_symbol_no_match" time="0.000" /><testcase classname="tests.cognitive.test_signal_processor.TestIntegrationWithBrain" name="test_processor_uses_brain" time="0.000" /><testcase classname="tests.cognitive.test_signal_processor.TestIntegrationWithBrain" name="test_brain_status_accessible" time="0.001" /><testcase classname="tests.cognitive.test_signal_processor.TestSingletonFactory" name="test_get_signal_processor" time="0.000" /><testcase classname="tests.cognitive.test_signal_processor.TestErrorHandling" name="test_handles_malformed_signal" time="0.750" /><testcase classname="tests.cognitive.test_signal_processor.TestErrorHandling" name="test_handles_none_market_data" time="0.729" /><testcase classname="tests.cognitive.test_symbol_rag_production.TestBasicRAGOperations" name="test_rag_initialization" time="0.001" /><testcase classname="tests.cognitive.test_symbol_rag_production.TestBasicRAGOperations" name="test_trade_knowledge_to_document" time="0.000" /><testcase classname="tests.cognitive.test_symbol_rag_production.TestBasicRAGOperations" name="test_index_trade_history" time="0.001"><skipped type="pytest.skip" message="RAG dependencies not available">C:\Users\Owner\OneDrive\Desktop\kobe81_traderbot\tests\cognitive\test_symbol_rag_production.py:175: RAG dependencies not available</skipped></testcase><testcase classname="tests.cognitive.test_symbol_rag_production.TestBasicRAGOperations" name="test_query_similar_trades" time="0.001"><skipped type="pytest.skip" message="RAG dependencies not available">C:\Users\Owner\OneDrive\Desktop\kobe81_traderbot\tests\cognitive\test_symbol_rag_production.py:191: RAG dependencies not available</skipped></testcase><testcase classname="tests.cognitive.test_symbol_rag_production.TestBasicRAGOperations" name="test_symbol_filter" time="0.001"><skipped type="pytest.skip" message="RAG dependencies not available">C:\Users\Owner\OneDrive\Desktop\kobe81_traderbot\tests\cognitive\test_symbol_rag_production.py:211: RAG dependencies not available</skipped></testcase><testcase classname="tests.cognitive.test_symbol_rag_production.TestRAGEvaluation" name="test_faithfulness_computation" time="0.000" /><testcase classname="tests.cognitive.test_symbol_rag_production.TestRAGEvaluation" name="test_answer_relevance_computation" time="0.000" /><testcase classname="tests.cognitive.test_symbol_rag_production.TestRAGEvaluation" name="test_context_precision_computation" time="0.000" /><testcase classname="tests.cognitive.test_symbol_rag_production.TestRAGEvaluation" name="test_overall_quality_score" time="0.000" /><testcase classname="tests.cognitive.test_symbol_rag_production.TestRAGEvaluation" name="test_quality_gates" time="0.000" /><testcase classname="tests.cognitive.test_symbol_rag_production.TestQualityGatesAndStandDown" name="test_stand_down_on_low_faithfulness" time="0.001"><skipped type="pytest.skip" message="RAG dependencies not available">C:\Users\Owner\OneDrive\Desktop\kobe81_traderbot\tests\cognitive\test_symbol_rag_production.py:340: RAG dependencies not available</skipped></testcase><testcase classname="tests.cognitive.test_symbol_rag_production.TestQualityGatesAndStandDown" name="test_stand_down_on_insufficient_data" time="0.001"><skipped type="pytest.skip" message="RAG dependencies not available">C:\Users\Owner\OneDrive\Desktop\kobe81_traderbot\tests\cognitive\test_symbol_rag_production.py:370: RAG dependencies not available</skipped></testcase><testcase classname="tests.cognitive.test_symbol_rag_production.TestQualityGatesAndStandDown" name="test_proceed_on_high_quality" time="0.001"><skipped type="pytest.skip" message="RAG dependencies not available">C:\Users\Owner\OneDrive\Desktop\kobe81_traderbot\tests\cognitive\test_symbol_rag_production.py:382: RAG dependencies not available</skipped></testcase><testcase classname="tests.cognitive.test_symbol_rag_production.TestEdgeCases" name="test_empty_index_query" time="0.001"><skipped type="pytest.skip" message="RAG dependencies not available">C:\Users\Owner\OneDrive\Desktop\kobe81_traderbot\tests\cognitive\test_symbol_rag_production.py:406: RAG dependencies not available</skipped></testcase><testcase classname="tests.cognitive.test_symbol_rag_production.TestEdgeCases" name="test_index_empty_trade_list" time="0.001"><skipped type="pytest.skip" message="RAG dependencies not available">C:\Users\Owner\OneDrive\Desktop\kobe81_traderbot\tests\cognitive\test_symbol_rag_production.py:417: RAG dependencies not available</skipped></testcase><testcase classname="tests.cognitive.test_symbol_rag_production.TestEdgeCases" name="test_fallback_mode_when_dependencies_missing" time="0.001" /><testcase classname="tests.cognitive.test_symbol_rag_production.TestEdgeCases" name="test_query_with_special_characters" time="0.001"><skipped type="pytest.skip" message="RAG dependencies not available">C:\Users\Owner\OneDrive\Desktop\kobe81_traderbot\tests\cognitive\test_symbol_rag_production.py:436: RAG dependencies not available</skipped></testcase><testcase classname="tests.cognitive.test_symbol_rag_production.TestEdgeCases" name="test_duplicate_trade_indexing" time="0.001"><skipped type="pytest.skip" message="RAG dependencies not available">C:\Users\Owner\OneDrive\Desktop\kobe81_traderbot\tests\cognitive\test_symbol_rag_production.py:450: RAG dependencies not available</skipped></testcase><testcase classname="tests.cognitive.test_symbol_rag_production.TestIntegration" name="test_full_rag_workflow" time="0.001"><skipped type="pytest.skip" message="RAG dependencies not available">C:\Users\Owner\OneDrive\Desktop\kobe81_traderbot\tests\cognitive\test_symbol_rag_production.py:471: RAG dependencies not available</skipped></testcase><testcase classname="tests.cognitive.test_symbol_rag_production.TestIntegration" name="test_rag_response_serialization" time="0.003"><skipped type="pytest.skip" message="RAG dependencies not available">C:\Users\Owner\OneDrive\Desktop\kobe81_traderbot\tests\cognitive\test_symbol_rag_production.py:498: RAG dependencies not available</skipped></testcase><testcase classname="tests.cognitive.test_symbol_rag_production.TestIntegration" name="test_win_rate_computation" time="0.001"><skipped type="pytest.skip" message="RAG dependencies not available">C:\Users\Owner\OneDrive\Desktop\kobe81_traderbot\tests\cognitive\test_symbol_rag_production.py:519: RAG dependencies not available</skipped></testcase><testcase classname="tests.cognitive.test_symbol_rag_production.TestPerformance" name="test_large_index_performance" time="0.001"><skipped type="pytest.skip" message="RAG dependencies not available">C:\Users\Owner\OneDrive\Desktop\kobe81_traderbot\tests\cognitive\test_symbol_rag_production.py:543: RAG dependencies not available</skipped></testcase><testcase classname="tests.cognitive.test_symbol_rag_production.TestPerformance" name="test_query_latency" time="0.001"><skipped type="pytest.skip" message="RAG dependencies not available">C:\Users\Owner\OneDrive\Desktop\kobe81_traderbot\tests\cognitive\test_symbol_rag_production.py:576: RAG dependencies not available</skipped></testcase><testcase classname="tests.cognitive.test_symbol_rag_production.TestPerformance" name="test_multiple_concurrent_queries" time="0.001"><skipped type="pytest.skip" message="RAG dependencies not available">C:\Users\Owner\OneDrive\Desktop\kobe81_traderbot\tests\cognitive\test_symbol_rag_production.py:592: RAG dependencies not available</skipped></testcase><testcase classname="tests.cognitive.test_tree_of_thoughts.TestThoughtNode" name="test_thought_node_creation" time="0.003" /><testcase classname="tests.cognitive.test_tree_of_thoughts.TestThoughtNode" name="test_thought_node_with_parent" time="0.001" /><testcase classname="tests.cognitive.test_tree_of_thoughts.TestThoughtNode" name="test_thought_node_serialization" time="0.001" /><testcase classname="tests.cognitive.test_tree_of_thoughts.TestToTResult" name="test_tot_result_creation" time="0.001" /><testcase classname="tests.cognitive.test_tree_of_thoughts.TestToTResult" name="test_tot_result_serialization" time="0.001" /><testcase classname="tests.cognitive.test_tree_of_thoughts.TestToTResult" name="test_tot_result_to_dict" time="0.001" /><testcase classname="tests.cognitive.test_tree_of_thoughts.TestTreeOfThoughts" name="test_initialization_without_llm" time="0.001" /><testcase classname="tests.cognitive.test_tree_of_thoughts.TestTreeOfThoughts" name="test_initialization_with_mock_llm" time="0.001" /><testcase classname="tests.cognitive.test_tree_of_thoughts.TestTreeOfThoughts" name="test_solve_without_llm_returns_fallback" time="0.003" /><testcase classname="tests.cognitive.test_tree_of_thoughts.TestTreeOfThoughts" name="test_beam_search_explores_branches" time="0.001" /><testcase classname="tests.cognitive.test_tree_of_thoughts.TestTreeOfThoughts" name="test_is_terminal_detection_basic" time="0.000" /><testcase classname="tests.cognitive.test_tree_of_thoughts.TestGetPath" name="test_get_path_single_node" time="0.000" /><testcase classname="tests.cognitive.test_tree_of_thoughts.TestGetPath" name="test_get_path_multiple_nodes" time="0.000" /><testcase classname="tests.cognitive.test_tree_of_thoughts.TestGetPath" name="test_get_reasoning_chain" time="0.000" /><testcase classname="tests.cognitive.test_tree_of_thoughts.TestSingletonPattern" name="test_get_tot_reasoner_returns_instance" time="0.000" /><testcase classname="tests.cognitive.test_tree_of_thoughts.TestSingletonPattern" name="test_reset_tot_reasoner" time="0.001" /><testcase classname="tests.cognitive.test_tree_of_thoughts.TestToTIntegration" name="test_full_solve_with_mock_llm" time="0.002" /><testcase classname="tests.config.test_settings_schema.TestLoadValidatedSettings" name="test_loads_default_settings" time="0.001" /><testcase classname="tests.config.test_settings_schema.TestLoadValidatedSettings" name="test_loads_custom_settings" time="0.001" /><testcase classname="tests.config.test_settings_schema.TestValidateSettingsForMode" name="test_paper_mode_is_lenient" time="0.002" /><testcase classname="tests.config.test_settings_schema.TestValidateSettingsForMode" name="test_live_mode_requires_broker_keys" time="0.002" /><testcase classname="tests.config.test_settings_schema.TestValidateSettingsForMode" name="test_live_mode_valid_with_keys" time="0.002" /><testcase classname="tests.config.test_settings_schema.TestGetValidatedModeConfig" name="test_gets_paper_mode_config" time="0.001" /><testcase classname="tests.config.test_settings_schema.TestGetValidatedModeConfig" name="test_gets_live_mode_config_as_real" time="0.001" /><testcase classname="tests.config.test_settings_schema.TestRequireValidSettings" name="test_raises_in_live_mode_with_invalid_settings" time="0.002" /><testcase classname="tests.config.test_settings_schema.TestRequireValidSettings" name="test_warns_but_continues_in_paper_mode" time="0.002" /><testcase classname="tests.config.test_settings_schema.TestSchemaDefaults" name="test_system_config_defaults" time="0.001" /><testcase classname="tests.config.test_settings_schema.TestSchemaDefaults" name="test_risk_config_defaults" time="0.001" /><testcase classname="tests.core.test_earnings_canary.TestSourceTagging" name="test_polygon_source_tagging" time="0.004" /><testcase classname="tests.core.test_earnings_canary.TestSourceTagging" name="test_no_polygon_key_returns_empty" time="0.002" /><testcase classname="tests.core.test_earnings_canary.TestSourceTagging" name="test_none_source_when_no_data" time="0.002" /><testcase classname="tests.core.test_earnings_canary.TestEarningsCanary" name="test_canary_passes_with_recent_earnings" time="0.001" /><testcase classname="tests.core.test_earnings_canary.TestEarningsCanary" name="test_canary_fails_with_no_recent_earnings" time="0.002" /><testcase classname="tests.core.test_earnings_canary.TestEarningsCanary" name="test_canary_handles_fetch_errors" time="0.001" /><testcase classname="tests.core.test_earnings_canary.TestEarningsCanary" name="test_canary_uses_known_symbols_by_default" time="0.001" /><testcase classname="tests.core.test_earnings_canary.TestEarningsSourceHealth" name="test_healthy_when_majority_pass" time="0.001" /><testcase classname="tests.core.test_earnings_canary.TestEarningsSourceHealth" name="test_unhealthy_when_majority_fail" time="0.002" /><testcase classname="tests.core.test_earnings_canary.TestEarningsSourceHealth" name="test_source_stats_aggregation" time="0.001" /><testcase classname="tests.core.test_restart_backoff.TestRestartBackoffConfig" name="test_default_values" time="0.000" /><testcase classname="tests.core.test_restart_backoff.TestRestartBackoffConfig" name="test_custom_values" time="0.000" /><testcase classname="tests.core.test_restart_backoff.TestRestartState" name="test_to_dict" time="0.000" /><testcase classname="tests.core.test_restart_backoff.TestRestartState" name="test_from_dict" time="0.000" /><testcase classname="tests.core.test_restart_backoff.TestRestartBackoff" name="test_get_delay_exponential" time="0.001" /><testcase classname="tests.core.test_restart_backoff.TestRestartBackoff" name="test_get_delay_capped" time="0.001" /><testcase classname="tests.core.test_restart_backoff.TestRestartBackoff" name="test_should_restart_first_attempt" time="0.001" /><testcase classname="tests.core.test_restart_backoff.TestRestartBackoff" name="test_should_restart_blocked_after_max" time="0.003" /><testcase classname="tests.core.test_restart_backoff.TestRestartBackoff" name="test_record_restart_increments_counter" time="0.003" /><testcase classname="tests.core.test_restart_backoff.TestRestartBackoff" name="test_record_restart_persists_state" time="0.014" /><testcase classname="tests.core.test_restart_backoff.TestRestartBackoff" name="test_state_loads_on_init" time="0.012" /><testcase classname="tests.core.test_restart_backoff.TestCooldownReset" name="test_reset_after_cooldown" time="0.003" /><testcase classname="tests.core.test_restart_backoff.TestJitter" name="test_jitter_adds_randomness" time="0.001" /><testcase classname="tests.core.test_restart_backoff.TestDisabled" name="test_always_allowed_when_disabled" time="0.006" /><testcase classname="tests.core.test_restart_backoff.TestGetStatus" name="test_status_contains_required_fields" time="0.002" /><testcase classname="tests.core.test_restart_backoff.TestSingleton" name="test_get_restart_backoff_returns_singleton" time="0.001" /><testcase classname="tests.core.test_restart_backoff.TestSingleton" name="test_reset_clears_singleton" time="0.001" /><testcase classname="tests.core.test_restart_backoff.TestConvenienceFunctions" name="test_should_restart_function" time="0.001" /><testcase classname="tests.core.test_restart_backoff.TestConvenienceFunctions" name="test_record_restart_attempt_function" time="0.002" /><testcase classname="tests.core.test_secrets.TestMaskSecrets" name="test_masks_alpaca_api_key" time="0.000" /><testcase classname="tests.core.test_secrets.TestMaskSecrets" name="test_masks_alpaca_secret_key" time="0.000" /><testcase classname="tests.core.test_secrets.TestMaskSecrets" name="test_masks_polygon_api_key" time="0.000" /><testcase classname="tests.core.test_secrets.TestMaskSecrets" name="test_masks_api_key_in_url" time="0.000" /><testcase classname="tests.core.test_secrets.TestMaskSecrets" name="test_masks_bearer_token" time="0.000" /><testcase classname="tests.core.test_secrets.TestMaskSecrets" name="test_masks_telegram_token" time="0.000" /><testcase classname="tests.core.test_secrets.TestMaskSecrets" name="test_preserves_non_secret_text" time="0.000" /><testcase classname="tests.core.test_secrets.TestMaskSecrets" name="test_handles_empty_string" time="0.000" /><testcase classname="tests.core.test_secrets.TestSanitizeDict" name="test_masks_sensitive_keys" time="0.000" /><testcase classname="tests.core.test_secrets.TestSanitizeDict" name="test_handles_nested_dicts" time="0.000" /><testcase classname="tests.core.test_secrets.TestSanitizeDict" name="test_handles_empty_dict" time="0.000" /><testcase classname="tests.core.test_secrets.TestSanitizeException" name="test_masks_secrets_in_exception" time="0.000" /><testcase classname="tests.core.test_secrets.TestSanitizeException" name="test_preserves_normal_exception" time="0.000" /><testcase classname="tests.core.test_secrets.TestSecretsMaskingFilter" name="test_filter_masks_log_messages" time="0.000" /><testcase classname="tests.core.test_secrets.TestSecretsMaskingFilter" name="test_filter_always_returns_true" time="0.000" /><testcase classname="tests.core.test_secrets.TestGetSafeEnvSummary" name="test_masks_secret_env_vars" time="0.001" /><testcase classname="tests.core.test_vix_monitor.TestVIXConfig" name="test_default_values" time="0.000" /><testcase classname="tests.core.test_vix_monitor.TestVIXConfig" name="test_custom_values" time="0.000" /><testcase classname="tests.core.test_vix_monitor.TestVIXReading" name="test_age_seconds" time="0.000" /><testcase classname="tests.core.test_vix_monitor.TestVIXReading" name="test_is_elevated" time="0.000" /><testcase classname="tests.core.test_vix_monitor.TestVIXReading" name="test_is_extreme" time="0.000" /><testcase classname="tests.core.test_vix_monitor.TestVIXMonitor" name="test_fetch_vix_caches_result" time="0.001" /><testcase classname="tests.core.test_vix_monitor.TestVIXMonitor" name="test_fetch_vix_force_refresh" time="0.001" /><testcase classname="tests.core.test_vix_monitor.TestVIXMonitor" name="test_fetch_vix_fallback_on_error" time="0.001" /><testcase classname="tests.core.test_vix_monitor.TestVIXMonitor" name="test_fetch_vix_stale_cache_on_error" time="0.001" /><testcase classname="tests.core.test_vix_monitor.TestShouldPauseTrading" name="test_pause_when_vix_high" time="0.001" /><testcase classname="tests.core.test_vix_monitor.TestShouldPauseTrading" name="test_pause_when_vix_extreme" time="0.001" /><testcase classname="tests.core.test_vix_monitor.TestShouldPauseTrading" name="test_no_pause_when_vix_normal" time="0.001" /><testcase classname="tests.core.test_vix_monitor.TestShouldPauseTrading" name="test_no_pause_when_disabled" time="0.000" /><testcase classname="tests.core.test_vix_monitor.TestRegimeAdjustment" name="test_full_size_when_normal" time="0.001" /><testcase classname="tests.core.test_vix_monitor.TestRegimeAdjustment" name="test_half_size_when_elevated" time="0.001" /><testcase classname="tests.core.test_vix_monitor.TestRegimeAdjustment" name="test_quarter_size_when_high" time="0.001" /><testcase classname="tests.core.test_vix_monitor.TestRegimeAdjustment" name="test_zero_size_when_extreme" time="0.001" /><testcase classname="tests.core.test_vix_monitor.TestGetStatus" name="test_status_contains_required_fields" time="0.001" /><testcase classname="tests.core.test_vix_monitor.TestSingleton" name="test_get_vix_monitor_returns_singleton" time="0.000" /><testcase classname="tests.core.test_vix_monitor.TestSingleton" name="test_reset_clears_singleton" time="0.000" /><testcase classname="tests.core.test_vix_monitor.TestConvenienceFunctions" name="test_get_vix_level" time="0.001" /><testcase classname="tests.core.test_vix_monitor.TestConvenienceFunctions" name="test_should_pause_for_vix" time="0.001" /><testcase classname="tests.data.quality.test_corporate_actions_canary.TestOvernightReturns" name="test_calculates_overnight_returns" time="0.002" /><testcase classname="tests.data.quality.test_corporate_actions_canary.TestOvernightReturns" name="test_empty_dataframe" time="0.001" /><testcase classname="tests.data.quality.test_corporate_actions_canary.TestClassifyDiscontinuity" name="test_detects_2_to_1_split" time="0.000" /><testcase classname="tests.data.quality.test_corporate_actions_canary.TestClassifyDiscontinuity" name="test_detects_3_to_1_split" time="0.000" /><testcase classname="tests.data.quality.test_corporate_actions_canary.TestClassifyDiscontinuity" name="test_detects_reverse_split" time="0.000" /><testcase classname="tests.data.quality.test_corporate_actions_canary.TestClassifyDiscontinuity" name="test_detects_dividend" time="0.000" /><testcase classname="tests.data.quality.test_corporate_actions_canary.TestClassifyDiscontinuity" name="test_extreme_change_is_data_error" time="0.000" /><testcase classname="tests.data.quality.test_corporate_actions_canary.TestCheckSymbolForSplits" name="test_passes_with_normal_data" time="0.002" /><testcase classname="tests.data.quality.test_corporate_actions_canary.TestCheckSymbolForSplits" name="test_detects_split" time="0.002" /><testcase classname="tests.data.quality.test_corporate_actions_canary.TestCheckSymbolForSplits" name="test_detects_reverse_split" time="0.002" /><testcase classname="tests.data.quality.test_corporate_actions_canary.TestCheckSymbolForSplits" name="test_handles_empty_dataframe" time="0.001" /><testcase classname="tests.data.quality.test_corporate_actions_canary.TestCheckSymbolForSplits" name="test_handles_short_dataframe" time="0.001" /><testcase classname="tests.data.quality.test_corporate_actions_canary.TestRunPriceDiscontinuityCheck" name="test_checks_multiple_symbols" time="0.004" /><testcase classname="tests.data.quality.test_corporate_actions_canary.TestRunPriceDiscontinuityCheck" name="test_handles_empty_data" time="0.000" /><testcase classname="tests.data.quality.test_corporate_actions_canary.TestGetCanarySummary" name="test_generates_summary" time="0.003" /><testcase classname="tests.data.quality.test_corporate_actions_canary.TestGetCanarySummary" name="test_empty_results" time="0.000" /><testcase classname="tests.evaluation.test_rl_benchmark.TestBasicMetrics" name="test_sharpe_ratio_computation" time="0.005" /><testcase classname="tests.evaluation.test_rl_benchmark.TestBasicMetrics" name="test_sortino_ratio_computation" time="0.004" /><testcase classname="tests
[...]
_ml_features.TestAnomalyDetection" name="test_insufficient_data_handled" time="0.001" /><testcase classname="tests.unit.test_ml_features.TestFeaturePipeline" name="test_import" time="0.001" /><testcase classname="tests.unit.test_ml_features.TestFeaturePipeline" name="test_extract_returns_dataframe" time="0.167" /><testcase classname="tests.unit.test_ml_features.TestFeaturePipeline" name="test_price_patterns_added" time="0.014" /><testcase classname="tests.unit.test_ml_features.TestFeaturePipeline" name="test_feature_caching" time="0.141" /><testcase classname="tests.unit.test_ml_features.TestFeaturePipeline" name="test_get_feature_names" time="0.177" /><testcase classname="tests.unit.test_ml_features.TestFeaturePipeline" name="test_clear_cache" time="0.139" /><testcase classname="tests.unit.test_ml_features.TestSignalConfidence" name="test_import" time="0.001" /><testcase classname="tests.unit.test_ml_features.TestSignalConfidence" name="test_score_returns_result" time="0.003" /><testcase classname="tests.unit.test_ml_features.TestSignalConfidence" name="test_confidence_bounded" time="0.002" /><testcase classname="tests.unit.test_ml_features.TestSignalConfidence" name="test_score_signals_batch" time="0.006" /><testcase classname="tests.unit.test_ml_features.TestSignalConfidence" name="test_low_rsi_increases_long_confidence" time="0.031" /><testcase classname="tests.unit.test_ml_features.TestSignalConfidence" name="test_reasons_generated" time="0.002" /><testcase classname="tests.unit.test_ml_features.TestRegimeML" name="test_import" time="0.000" /><testcase classname="tests.unit.test_ml_features.TestRegimeML" name="test_fit_returns_self" time="0.006" /><testcase classname="tests.unit.test_ml_features.TestRegimeML" name="test_detect_returns_dataframe" time="0.009" /><testcase classname="tests.unit.test_ml_features.TestRegimeML" name="test_get_current_regime_returns_result" time="0.009" /><testcase classname="tests.unit.test_ml_features.TestRegimeML" name="test_bull_trend_detected" time="0.014" /><testcase classname="tests.unit.test_ml_features.TestRegimeML" name="test_bear_trend_detected" time="0.014" /><testcase classname="tests.unit.test_ml_features.TestRegimeML" name="test_high_volatility_detected" time="0.015" /><testcase classname="tests.unit.test_ml_features.TestRegimeML" name="test_insufficient_data_handled" time="0.009" /><testcase classname="tests.unit.test_ml_features.TestStrategyEnhancer" name="test_import" time="0.000" /><testcase classname="tests.unit.test_ml_features.TestStrategyEnhancer" name="test_enhancer_wraps_strategy" time="0.976" /><testcase classname="tests.unit.test_ml_features.TestStrategyEnhancer" name="test_confidence_added_to_signals" time="0.161" /><testcase classname="tests.unit.test_ml_features.TestStrategyEnhancer" name="test_low_confidence_filtered" time="0.141" /><testcase classname="tests.unit.test_ml_features.TestStrategyEnhancer" name="test_get_stats_returns_dict" time="0.001" /><testcase classname="tests.unit.test_ml_features.TestStrategyEnhancer" name="test_enhance_strategy_function" time="0.001" /><testcase classname="tests.unit.test_ml_features.TestConvenienceFunctions" name="test_compute_momentum_features" time="0.009" /><testcase classname="tests.unit.test_ml_features.TestConvenienceFunctions" name="test_compute_volatility_features" time="0.009" /><testcase classname="tests.unit.test_ml_features.TestConvenienceFunctions" name="test_detect_price_anomalies" time="0.002" /><testcase classname="tests.unit.test_ml_features.TestConvenienceFunctions" name="test_compute_signal_confidence" time="0.002" /><testcase classname="tests.unit.test_ml_features.TestConvenienceFunctions" name="test_detect_regime_ml" time="0.014" /><testcase classname="tests.unit.test_ml_features.TestConvenienceFunctions" name="test_extract_all_features" time="0.116" /><testcase classname="tests.unit.test_playbook_generator.TestPlaybook" name="test_basic_playbook" time="0.001" /><testcase classname="tests.unit.test_playbook_generator.TestPlaybookGenerator" name="test_generate_deterministic" time="0.001" /><testcase classname="tests.unit.test_playbook_generator.TestPlaybookGenerator" name="test_executive_summary_content" time="0.001" /><testcase classname="tests.unit.test_playbook_generator.TestPlaybookGenerator" name="test_risk_section_content" time="0.001" /><testcase classname="tests.unit.test_playbook_generator.TestPlaybookGenerator" name="test_execution_plan_in_playbook" time="0.001" /><testcase classname="tests.unit.test_playbook_generator.TestPlaybookGenerator" name="test_unknowns_tracked" time="0.001" /><testcase classname="tests.unit.test_playbook_generator.TestPlaybookGenerator" name="test_no_fabrication" time="0.001" /><testcase classname="tests.unit.test_playbook_generator.TestPlaybookWithHistoricalAnalogs" name="test_analogs_included" time="0.001" /><testcase classname="tests.unit.test_playbook_generator.TestPlaybookChecklist" name="test_checklist_generation" time="0.001" /><testcase classname="tests.unit.test_portfolio_risk.TestPortfolioRiskLimits" name="test_default_limits" time="0.001" /><testcase classname="tests.unit.test_portfolio_risk.TestPortfolioRiskLimits" name="test_custom_limits" time="0.001" /><testcase classname="tests.unit.test_portfolio_risk.TestPortfolioState" name="test_empty_portfolio" time="0.001" /><testcase classname="tests.unit.test_portfolio_risk.TestPortfolioState" name="test_with_positions" time="0.001" /><testcase classname="tests.unit.test_portfolio_risk.TestSectorMapper" name="test_unknown_sector" time="0.000" /><testcase classname="tests.unit.test_portfolio_risk.TestSectorMapper" name="test_add_mapping" time="0.000" /><testcase classname="tests.unit.test_portfolio_risk.TestSectorMapper" name="test_load_from_csv" time="0.008" /><testcase classname="tests.unit.test_portfolio_risk.TestCorrelationAnalyzer" name="test_compute_correlation" time="0.002" /><testcase classname="tests.unit.test_portfolio_risk.TestCorrelationAnalyzer" name="test_identify_clusters" time="0.004" /><testcase classname="tests.unit.test_portfolio_risk.TestPortfolioRiskGate" name="test_disabled_gate" time="0.000" /><testcase classname="tests.unit.test_portfolio_risk.TestPortfolioRiskGate" name="test_gross_exposure_limit" time="0.000" /><testcase classname="tests.unit.test_portfolio_risk.TestPortfolioRiskGate" name="test_single_name_limit" time="0.000" /><testcase classname="tests.unit.test_portfolio_risk.TestPortfolioRiskGate" name="test_sector_limit" time="0.000" /><testcase classname="tests.unit.test_portfolio_risk.TestPortfolioRiskGate" name="test_position_count_limit" time="0.000" /><testcase classname="tests.unit.test_portfolio_risk.TestPortfolioRiskGate" name="test_approved_trade" time="0.000" /><testcase classname="tests.unit.test_portfolio_risk.TestPortfolioRiskGate" name="test_warning_status" time="0.000" /><testcase classname="tests.unit.test_portfolio_risk.TestPortfolioRiskGate" name="test_from_config" time="0.000" /><testcase classname="tests.unit.test_rate_limiter.TestTokenBucket" name="test_initial_capacity" time="0.000" /><testcase classname="tests.unit.test_rate_limiter.TestTokenBucket" name="test_acquire_decrements_tokens" time="0.000" /><testcase classname="tests.unit.test_rate_limiter.TestTokenBucket" name="test_try_acquire_non_blocking" time="0.000" /><testcase classname="tests.unit.test_rate_limiter.TestTokenBucket" name="test_refill_over_time" time="0.501" /><testcase classname="tests.unit.test_rate_limiter.TestTokenBucket" name="test_capacity_limit" time="0.101" /><testcase classname="tests.unit.test_rate_limiter.TestTokenBucket" name="test_acquire_timeout" time="0.000" /><testcase classname="tests.unit.test_rate_limiter.TestTokenBucket" name="test_thread_safety" time="0.107" /><testcase classname="tests.unit.test_rate_limiter.TestRateLimitedDecorator" name="test_decorator_passes_through" time="0.001" /><testcase classname="tests.unit.test_rate_limiter.TestRateLimitedDecorator" name="test_decorator_preserves_metadata" time="0.000" /><testcase classname="tests.unit.test_rate_limiter.TestWaitForRateLimit" name="test_returns_true_when_disabled" time="0.000" /><testcase classname="tests.unit.test_rate_limiter.TestWithRetry" name="test_succeeds_on_first_try" time="0.000" /><testcase classname="tests.unit.test_rate_limiter.TestWithRetry" name="test_retries_on_rate_limit_error" time="0.032" /><testcase classname="tests.unit.test_rate_limiter.TestWithRetry" name="test_retries_on_429_error" time="0.011" /><testcase classname="tests.unit.test_rate_limiter.TestWithRetry" name="test_raises_after_max_retries" time="0.032" /><testcase classname="tests.unit.test_rate_limiter.TestWithRetry" name="test_non_retryable_error_raises_immediately" time="0.001" /><testcase classname="tests.unit.test_rate_limiter.TestWithRetry" name="test_exponential_backoff" time="0.152" /><testcase classname="tests.unit.test_rate_limiter.TestRateLimitExceeded" name="test_exception_message" time="0.000" /><testcase classname="tests.unit.test_rate_limiter.TestRateLimitExceeded" name="test_exception_inheritance" time="0.000" /><testcase classname="tests.unit.test_reconciliation.TestBrokerPosition" name="test_basic_position" time="0.000" /><testcase classname="tests.unit.test_reconciliation.TestOMSPosition" name="test_basic_position" time="0.000" /><testcase classname="tests.unit.test_reconciliation.TestDiscrepancy" name="test_quantity_mismatch" time="0.000" /><testcase classname="tests.unit.test_reconciliation.TestDiscrepancy" name="test_to_dict" time="0.000" /><testcase classname="tests.unit.test_reconciliation.TestReconciler" name="test_initialization" time="0.000" /><testcase classname="tests.unit.test_reconciliation.TestReconciler" name="test_detect_quantity_mismatch" time="0.000" /><testcase classname="tests.unit.test_reconciliation.TestReconciler" name="test_detect_missing_in_oms" time="0.000" /><testcase classname="tests.unit.test_reconciliation.TestReconciler" name="test_detect_missing_in_broker" time="0.000" /><testcase classname="tests.unit.test_reconciliation.TestReconciler" name="test_detect_price_mismatch" time="0.000" /><testcase classname="tests.unit.test_reconciliation.TestReconciler" name="test_no_discrepancies" time="0.000" /><testcase classname="tests.unit.test_reconciliation.TestReconciler" name="test_detect_partial_fills" time="0.000" /><testcase classname="tests.unit.test_reconciliation.TestReconciliationReport" name="test_report_creation" time="0.000" /><testcase classname="tests.unit.test_reconciliation.TestReconciliationReport" name="test_report_with_discrepancies" time="0.000" /><testcase classname="tests.unit.test_reconciliation.TestReconciliationReport" name="test_report_to_dict" time="0.000" /><testcase classname="tests.unit.test_regime_filter.TestComputeRegimeMask" name="test_empty_dataframe_returns_empty" time="0.001" /><testcase classname="tests.unit.test_regime_filter.TestComputeRegimeMask" name="test_returns_correct_columns" time="0.004" /><testcase classname="tests.unit.test_regime_filter.TestComputeRegimeMask" name="test_trend_filter_above_slow_sma" time="0.003" /><testcase classname="tests.unit.test_regime_filter.TestComputeRegimeMask" name="test_trend_filter_below_slow_sma" time="0.003" /><testcase classname="tests.unit.test_regime_filter.TestComputeRegimeMask" name="test_fast_sma_crossover" time="0.003" /><testcase classname="tests.unit.test_regime_filter.TestComputeRegimeMask" name="test_volatility_filter" time="0.003" /><testcase classname="tests.unit.test_regime_filter.TestComputeRegimeMask" name="test_low_volatility_passes" time="0.003" /><testcase classname="tests.unit.test_regime_filter.TestGetAllowedTimestamps" name="test_returns_empty_when_disabled" time="0.001" /><testcase classname="tests.unit.test_regime_filter.TestGetAllowedTimestamps" name="test_returns_allowed_dates" time="0.003" /><testcase classname="tests.unit.test_regime_filter.TestFilterSignalsByRegime" name="test_returns_all_when_disabled" time="0.001" /><testcase classname="tests.unit.test_regime_filter.TestFilterSignalsByRegime" name="test_returns_empty_for_empty_signals" time="0.001" /><testcase classname="tests.unit.test_regime_filter.TestFilterSignalsByRegime" name="test_filters_by_regime" time="0.004" /><testcase classname="tests.unit.test_regime_filter.TestConfigFunctions" name="test_get_regime_filter_config" time="0.000" /><testcase classname="tests.unit.test_regime_filter.TestConfigFunctions" name="test_is_regime_filter_enabled" time="0.000" /><testcase classname="tests.unit.test_regime_filter.TestEdgeCases" name="test_handles_nan_values" time="0.003" /><testcase classname="tests.unit.test_regime_filter.TestEdgeCases" name="test_handles_insufficient_data" time="0.003" /><testcase classname="tests.unit.test_regime_filter.TestEdgeCases" name="test_handles_zero_volatility" time="0.002" /><testcase classname="tests.unit.test_risk.TestPolicyGate" name="test_policy_gate_import" time="0.000" /><testcase classname="tests.unit.test_risk.TestPolicyGate" name="test_risk_limits_defaults" time="0.000" /><testcase classname="tests.unit.test_risk.TestPolicyGate" name="test_policy_gate_initialization" time="0.000" /><testcase classname="tests.unit.test_risk.TestPolicyGate" name="test_order_within_budget_passes" time="0.000" /><testcase classname="tests.unit.test_risk.TestPolicyGate" name="test_order_exceeds_per_order_budget_fails" time="0.000" /><testcase classname="tests.unit.test_risk.TestPolicyGate" name="test_daily_loss_limit" time="0.000" /><testcase classname="tests.unit.test_risk.TestPolicyGate" name="test_reset_daily" time="0.000" /><testcase classname="tests.unit.test_risk.TestPolicyGate" name="test_price_bounds" time="0.000" /><testcase classname="tests.unit.test_risk.TestPolicyGate" name="test_shorts_disabled_by_default" time="0.000" /><testcase classname="tests.unit.test_risk.TestKillSwitch" name="test_kill_switch_not_active_by_default" time="0.003" /><testcase classname="tests.unit.test_risk.TestKillSwitch" name="test_kill_switch_blocks_trading" time="0.002" /><testcase classname="tests.unit.test_risk.TestKillSwitch" name="test_kill_switch_can_be_deactivated" time="0.002" /><testcase classname="tests.unit.test_risk.TestPositionSizing" name="test_fixed_dollar_sizing" time="0.000" /><testcase classname="tests.unit.test_risk.TestPositionSizing" name="test_position_size_respects_max_pct" time="0.000" /><testcase classname="tests.unit.test_risk.TestPositionLimitGate" name="test_position_limit_gate_import" time="0.000" /><testcase classname="tests.unit.test_risk.TestPositionLimitGate" name="test_position_limits_defaults" time="0.000" /><testcase classname="tests.unit.test_risk.TestPositionLimitGate" name="test_position_limit_gate_initialization" time="0.000" /><testcase classname="tests.unit.test_risk.TestPositionLimitGate" name="test_position_limit_gate_check_returns_tuple" time="0.406" /><testcase classname="tests.unit.test_risk.TestPositionLimitGate" name="test_position_limit_gate_get_status" time="0.361" /><testcase classname="tests.unit.test_risk.TestPositionLimitGate" name="test_position_limit_gate_clear_cache" time="0.000" /><testcase classname="tests.unit.test_risk.TestPositionLimitGate" name="test_get_position_limit_gate_singleton" time="0.000" /><testcase classname="tests.unit.test_risk.TestPositionLimitGate" name="test_position_limit_export_from_risk" time="0.000" /><testcase classname="tests.unit.test_slippage_models.TestZeroSlippage" name="test_no_slippage" time="0.000" /><testcase classname="tests.unit.test_slippage_models.TestFixedBpsSlippage" name="test_default_5bps" time="0.000" /><testcase classname="tests.unit.test_slippage_models.TestFixedBpsSlippage" name="test_custom_bps" time="0.000" /><testcase classname="tests.unit.test_slippage_models.TestFixedBpsSlippage" name="test_buy_adds_slippage" time="0.000" /><testcase classname="tests.unit.test_slippage_models.TestFixedBpsSlippage" name="test_sell_subtracts_slippage" time="0.000" /><testcase classname="tests.unit.test_slippage_models.TestATRFractionSlippage" name="test_with_atr" time="0.000" /><testcase classname="tests.unit.test_slippage_models.TestATRFractionSlippage" name="test_fallback_without_atr" time="0.001" /><testcase classname="tests.unit.test_slippage_models.TestATRFractionSlippage" name="test_zero_atr" time="0.000" /><testcase classname="tests.unit.test_slippage_models.TestSpreadPercentileSlippage" name="test_with_spread" time="0.000" /><testcase classname="tests.unit.test_slippage_models.TestSpreadPercentileSlippage" name="test_with_spread_pct" time="0.000" /><testcase classname="tests.unit.test_slippage_models.TestSpreadPercentileSlippage" name="test_estimated_spread" time="0.000" /><testcase classname="tests.unit.test_slippage_models.TestVolumeImpactSlippage" name="test_small_order" time="0.000" /><testcase classname="tests.unit.test_slippage_models.TestVolumeImpactSlippage" name="test_large_order" time="0.000" /><testcase classname="tests.unit.test_slippage_models.TestVolumeImpactSlippage" name="test_max_cap" time="0.000" /><testcase classname="tests.unit.test_slippage_models.TestVolumeImpactSlippage" name="test_fallback_no_volume" time="0.000" /><testcase classname="tests.unit.test_slippage_models.TestSlippageFactory" name="test_create_zero" time="0.000" /><testcase classname="tests.unit.test_slippage_models.TestSlippageFactory" name="test_create_fixed_bps" time="0.000" /><testcase classname="tests.unit.test_slippage_models.TestSlippageFactory" name="test_create_atr_fraction" time="0.000" /><testcase classname="tests.unit.test_slippage_models.TestSlippageFactory" name="test_create_spread_percentile" time="0.000" /><testcase classname="tests.unit.test_slippage_models.TestSlippageFactory" name="test_create_volume_impact" time="0.000" /><testcase classname="tests.unit.test_slippage_models.TestSlippageFactory" name="test_unknown_type" time="0.000" /><testcase classname="tests.unit.test_slippage_models.TestSlippageFactory" name="test_default_model" time="0.000" /><testcase classname="tests.unit.test_slippage_models.TestSlippageResult" name="test_slippage_pct" time="0.000" /><testcase classname="tests.unit.test_strategies.TestDualStrategyScanner" name="test_scanner_import" time="0.000" /><testcase classname="tests.unit.test_strategies.TestDualStrategyScanner" name="test_signal_generation" time="0.121" /><testcase classname="tests.unit.test_strategies.TestDualStrategyScanner" name="test_scanner_has_required_methods" time="0.000" /><testcase classname="tests.unit.test_strategies.TestStrategyRegistry" name="test_get_production_scanner" time="0.000" /><testcase classname="tests.unit.test_strategies.TestStrategyRegistry" name="test_verified_performance_metadata" time="0.000" /><testcase classname="tests.web.test_main.TestDashboardEndpoints" name="test_read_root" time="0.011" /><testcase classname="tests.web.test_main.TestDashboardEndpoints" name="test_get_bot_status" time="0.004" /><testcase classname="tests.web.test_main.TestDashboardEndpoints" name="test_get_bot_status_error" time="0.003" /><testcase classname="tests.web.test_main.TestDashboardEndpoints" name="test_get_cognitive_system_status" time="0.003" /><testcase classname="tests.web.test_main.TestDashboardEndpoints" name="test_get_cognitive_system_status_error" time="0.003" /><testcase classname="tests.web.test_main.TestDashboardEndpoints" name="test_get_recent_reflections" time="0.003" /><testcase classname="tests.web.test_main.TestDashboardEndpoints" name="test_get_recent_reflections_error" time="0.004" /><testcase classname="tests.web.test_main.TestDashboardEndpoints" name="test_get_recent_tca" time="0.004" /><testcase classname="tests.web.test_main.TestDashboardEndpoints" name="test_get_recent_tca_error" time="0.003" /><testcase classname="tests.web.test_main.TestDashboardEndpoints" name="test_get_ai_self_description" time="0.003" /><testcase classname="tests.web.test_main.TestDashboardEndpoints" name="test_get_ai_self_description_error" time="0.004" /></testsuite></testsuites>